#
# A fatal error has been detected by the Java Runtime Environment:
#
#  SIGBUS (0xa) at pc=0x000000011426d4f0, pid=18809, tid=28683
#
# JRE version: OpenJDK Runtime Environment Zulu17.32+13-CA (17.0.2+8) (build 17.0.2+8-LTS)
# Java VM: OpenJDK 64-Bit Server VM Zulu17.32+13-CA (17.0.2+8-LTS, mixed mode, sharing, tiered, compressed oops, compressed class ptrs, g1 gc, bsd-aarch64)
# Problematic frame:
# v  ~StubRoutines::SafeFetchN
#
# No core dump will be written. Core dumps have been disabled. To enable core dumping, try "ulimit -c unlimited" before starting Java again
#
# If you would like to submit a bug report, please visit:
#   http://www.azul.com/support/
# The crash happened outside the Java Virtual Machine in native code.
# See problematic frame for where to report the bug.
#

---------------  S U M M A R Y ------------

Command Line: --add-modules=javafx.controls --add-opens=java.base/java.time=ALL-UNNAMED -Xss80m --module-path=/Users/william/.gradle/caches/modules-2/files-2.1/org.openjfx/javafx-controls/17/2254b351c1e6ce2ac9adcd3480fed883cebbb08b/javafx-controls-17-mac-aarch64.jar:/Users/william/.gradle/caches/modules-2/files-2.1/org.openjfx/javafx-graphics/17/b6326f61f7e0effbf733d62e83b8317eb8e768b4/javafx-graphics-17-mac-aarch64.jar:/Users/william/.gradle/caches/modules-2/files-2.1/org.openjfx/javafx-base/17/d77b645fa3e1a6270783178541944e4b4a457cd2/javafx-base-17-mac-aarch64.jar -Dfile.encoding=UTF-8 -Duser.country=AU -Duser.language=en -Duser.variant assignment2.App

Host: "MacBookPro18,3" arm64 1 MHz, 10 cores, 16G, Darwin 21.6.0, macOS 12.6 (21G115)
Time: Thu Oct 27 19:55:48 2022 AEDT elapsed time: 1.197987 seconds (0d 0h 0m 1s)

---------------  T H R E A D  ---------------

Current thread (0x000000012c8dd600):  JavaThread "InvokeLaterDispatcher" daemon [_thread_in_native, id=28683, stack(0x000000029e670000,0x00000002a3673000)]

Stack: [0x000000029e670000,0x00000002a3673000],  sp=0x00000002a3672780,  free space=81929k
Native frames: (J=compiled Java code, j=interpreted, Vv=VM code, C=native code)
v  ~StubRoutines::SafeFetchN
V  [libjvm.dylib+0x7baddc]  OopStorage::release(oopDesc* const*)+0x20
V  [libjvm.dylib+0x4c60d0]  jni_DeleteGlobalRef+0xd8
C  [libglass.dylib+0xab08]  -[GlassRunnable dealloc]+0x34
C  [Foundation+0x852b8]  -[_NSThreadPerformInfo dealloc]+0x30
C  [Foundation+0x51824]  -[NSObject(NSThreadPerformAdditions) performSelectorOnMainThread:withObject:waitUntilDone:]+0x88
C  0xb80a8001142758ac
j  com.sun.glass.ui.mac.MacApplication.submitForLaterInvocation(Ljava/lang/Runnable;)V+2 javafx.graphics
j  com.sun.glass.ui.InvokeLaterDispatcher.run()V+82 javafx.graphics
v  ~StubRoutines::call_stub
V  [libjvm.dylib+0x46b270]  JavaCalls::call_helper(JavaValue*, methodHandle const&, JavaCallArguments*, JavaThread*)+0x38c
V  [libjvm.dylib+0x46a28c]  JavaCalls::call_virtual(JavaValue*, Klass*, Symbol*, Symbol*, JavaCallArguments*, JavaThread*)+0x11c
V  [libjvm.dylib+0x46a358]  JavaCalls::call_virtual(JavaValue*, Handle, Klass*, Symbol*, Symbol*, JavaThread*)+0x64
V  [libjvm.dylib+0x522910]  thread_entry(JavaThread*, JavaThread*)+0xc4
V  [libjvm.dylib+0x99b580]  JavaThread::thread_main_inner()+0x13c
V  [libjvm.dylib+0x999c5c]  Thread::call_run()+0x128
V  [libjvm.dylib+0x7c1c24]  thread_native_entry(Thread*)+0x158
C  [libsystem_pthread.dylib+0x726c]  _pthread_start+0x94

Java frames: (J=compiled Java code, j=interpreted, Vv=VM code)
j  com.sun.glass.ui.mac.MacApplication._submitForLaterInvocation(Ljava/lang/Runnable;)V+0 javafx.graphics
j  com.sun.glass.ui.mac.MacApplication.submitForLaterInvocation(Ljava/lang/Runnable;)V+2 javafx.graphics
j  com.sun.glass.ui.InvokeLaterDispatcher.run()V+82 javafx.graphics
v  ~StubRoutines::call_stub

siginfo: si_signo: 10 (SIGBUS), si_code: 1 (BUS_ADRALN), si_addr: 0x000000011426d4f0

Register to memory mapping:

 x0=0x0000000105407f08 is a global jni handle
 x1=0x0 is NULL
 x2=0x000000070f941df8 is an oop: com.sun.glass.ui.InvokeLaterDispatcher$Future 
{0x000000070f941df8} - klass: 'com/sun/glass/ui/InvokeLaterDispatcher$Future'
 - ---- fields (total size 3 words):
 - private 'done' 'Z' @12  true
 - private final 'runnable' 'Ljava/lang/Runnable;' @16  a 'com/sun/javafx/tk/quantum/QuantumToolkit$$Lambda$82+0x0000000800c38870'{0x000000070e82fde0} (e1d05fbc)
 - final synthetic 'this$0' 'Lcom/sun/glass/ui/InvokeLaterDispatcher;' @20  a 'com/sun/glass/ui/InvokeLaterDispatcher'{0x000000070e824028} (e1d04805)
 x3=0x0 is NULL
 x4=0x00000000000130a8 is an unknown value
 x5=0x0 is NULL
 x6=0x0 is NULL
 x7=0x0 is NULL
 x8=0x000000011426d4ec is at begin+0 in a stub
StubRoutines::SafeFetchN [0x000000011426d4ec, 0x000000011426d4f8] (12 bytes)
 x9=0x0 is NULL
x10=0x2010000030300000 is an unknown value
x11=0x0000000000000007 is an unknown value
x12=0x0000000000000005 is an unknown value
x13=0x000000012c68fc90 points into unknown readable memory: 0xee7080012c5729e8 | e8 29 57 2c 01 80 70 ee
x14=0x0000060000000000 is an unknown value
x15=0x000000012c5adf98: OBJC_CLASS_$_GlassRunnable+0 in /Users/william/.openjfx/cache/17/libglass.dylib at 0x000000012c568000
x16=0x00000001a1e770fc: pthread_getspecific+0 in /usr/lib/system/libsystem_pthread.dylib at 0x00000001a1e75000
x17=0x000000013c73c0e0 points into unknown readable memory: 0xfffffffffffffffe | fe ff ff ff ff ff ff ff
x18=0x0 is NULL
x19=0x000000012c628fa0 points into unknown readable memory: 0x000000012c629220 | 20 92 62 2c 01 00 00 00
x20=0x0000000105407d00 points into unknown readable memory: 0x0000000000000000 | 00 00 00 00 00 00 00 00
x21=0x0000000105407f08 is a global jni handle
x22=0x000000012c8dd600 is a thread
x23=0x0000000000000001 is an unknown value
x24=0x0000000105407ec0 is a global jni handle
x25=0x000000010c45ba08: _ZN12StubRoutines17_safefetchN_entryE+0 in /Library/Java/JavaVirtualMachines/zulu-17.jdk/Contents/Home/lib/server/libjvm.dylib at 0x000000010b800000
x26=0x000000012f514808 is pointing into metadata
x27=0x0 is NULL
x28=0x000000012c8dd600 is a thread


Registers:
 x0=0x0000000105407f08  x1=0x0000000000000000  x2=0x000000070f941df8  x3=0x0000000000000000
 x4=0x00000000000130a8  x5=0x0000000000000000  x6=0x0000000000000000  x7=0x0000000000000000
 x8=0x000000011426d4ec  x9=0x0000000000000000 x10=0x2010000030300000 x11=0x0000000000000007
x12=0x0000000000000005 x13=0x000000012c68fc90 x14=0x0000060000000000 x15=0x000000012c5adf98
x16=0x00000001a1e770fc x17=0x000000013c73c0e0 x18=0x0000000000000000 x19=0x000000012c628fa0
x20=0x0000000105407d00 x21=0x0000000105407f08 x22=0x000000012c8dd600 x23=0x0000000000000001
x24=0x0000000105407ec0 x25=0x000000010c45ba08 x26=0x000000012f514808 x27=0x0000000000000000
x28=0x000000012c8dd600  fp=0x00000002a36727c0  lr=0x000000010bfb9bac  sp=0x00000002a3672780
pc=0x000000011426d4f0 cpsr=0x0000000060001000
Top of Stack: (sp=0x00000002a3672780)
0x00000002a3672780:   000000012f514808 0000000000000001
0x00000002a3672790:   00000002a3672988 0000000000000000
0x00000002a36727a0:   000000012c8d34a8 0000000105407ec0
0x00000002a36727b0:   0000000105407ec0 000000012c628fa0
0x00000002a36727c0:   00000002a3672800 000000010bfbaddc
0x00000002a36727d0:   0000000000000001 0000000105407ec0
0x00000002a36727e0:   000000012c8d34a8 0000000105407ec0
0x00000002a36727f0:   0000000000000001 000000012c8d3200
0x00000002a3672800:   00000002a3672840 000000010bcc60d0
0x00000002a3672810:   00000002a3672988 000000012bb04fc0
0x00000002a3672820:   000000012bb04fb0 00000001ec1b9909
0x00000002a3672830:   0000000000000000 000000012bb04fb0
0x00000002a3672840:   00000002a3672870 000000012c572b08
0x00000002a3672850:   aa07593381450002 0000000000000000
0x00000002a3672860:   0000000000000000 000000012bb04fd0
0x00000002a3672870:   00000002a36728b0 00000001a2e4d2b8
0x00000002a3672880:   00000002a3672988 000000012bb04fc0
0x00000002a3672890:   000000012bb04fb0 aa07593381450002
0x00000002a36728a0:   0000000000000000 0000000000000000
0x00000002a36728b0:   00000002a36728f0 fd3d0001a2e19824
0x00000002a36728c0:   00000002a3672988 00000001142747c0
0x00000002a36728d0:   0000000000000000 000000010c4633c8
0x00000002a36728e0:   00000002a3672900 0000000114273730
0x00000002a36728f0:   00000002a3672960 b80a8001142758ac
0x00000002a3672900:   00000002a3672900 0000000800986e9d
0x00000002a3672910:   00000002a3672910 0000000000000000
0x00000002a3672920:   00000002a3672988 000000012f514808
0x00000002a3672930:   000000070e80d388 0000000000000000
0x00000002a3672940:   0000000000000000 000000012f4ec960
0x00000002a3672950:   0000000000000000 00000002a3672960
0x00000002a3672960:   00000002a36729e0 0000000114271fc8
0x00000002a3672970:   0000000000000000 0000000000000000 

Instructions: (pc=0x000000011426d4f0)
0x000000011426d3f0:   f2a18849 f2c00029 6d425935 1e640886
0x000000011426d400:   0c402d31 1e6408c7 1f5654d0 1e6c1017
0x000000011426d410:   1f5050d0 1f504cd0 1f5048d0 1e650af6
0x000000011426d420:   1f50d8f6 1f5694d6 1f5158f6 1e762880
0x000000011426d430:   36000501 1e614000 14000026 2e251ca5
0x000000011426d440:   d2903009 f2a18849 f2c00029 6d425d36
0x000000011426d450:   1e600806 0c402d32 1f5758c7 1e6c101a
0x000000011426d460:   1f4754c7 1e650805 1f4750c7 d2866668
0x000000011426d470:   f2a7fa68 1f474cc7 1e6608c0 1f4748c7
0x000000011426d480:   1e6e1019 eb08007f 540000ac 1f479400
0x000000011426d490:   1f460340 1e603b20 1400000e d2a7fd29
0x000000011426d4a0:   eb09007f 540000ac 51480069 d3607d29
0x000000011426d4b0:   9e670121 14000002 1e6a5001 1f679417
0x000000011426d4c0:   1f668742 1e613b23 1e773857 1e773860
0x000000011426d4d0:   a8c17ff3 910003bf a8c17bfd d65f03c0
0x000000011426d4e0:   b9400001 aa0103e0 d65f03c0 f9400001
0x000000011426d4f0:   aa0103e0 d65f03c0 00000000 00000000
0x000000011426d500:   00000000 00000000 00000000 00000000
0x000000011426d510:   00000000 00000000 00000000 00000000
0x000000011426d520:   00000000 00000000 00000000 00000000
0x000000011426d530:   00000000 00000000 00000000 00000000
0x000000011426d540:   00000000 00000000 00000000 00000000
0x000000011426d550:   00000000 00000000 00000000 00000000
0x000000011426d560:   00000000 00000000 00000000 00000000
0x000000011426d570:   00000000 00000000 00000000 00000000
0x000000011426d580:   00000000 00000000 00000000 00000000
0x000000011426d590:   00000000 00000000 00000000 00000000
0x000000011426d5a0:   00000000 00000000 00000000 00000000
0x000000011426d5b0:   00000000 00000000 00000000 00000000
0x000000011426d5c0:   00000000 00000000 00000000 00000000
0x000000011426d5d0:   00000000 00000000 00000000 00000000
0x000000011426d5e0:   00000000 00000000 00000000 00000000 


Stack slot to memory mapping:
stack at sp + 0 slots: 0x000000012f514808 is pointing into metadata
stack at sp + 1 slots: 0x0000000000000001 is an unknown value
stack at sp + 2 slots: 0x00000002a3672988 is pointing into the stack for thread: 0x000000012c8dd600
stack at sp + 3 slots: 0x0 is NULL
stack at sp + 4 slots: 0x000000012c8d34a8 points into unknown readable memory: 0x000000010c416888 | 88 68 41 0c 01 00 00 00
stack at sp + 5 slots: 0x0000000105407ec0 is a global jni handle
stack at sp + 6 slots: 0x0000000105407ec0 is a global jni handle
stack at sp + 7 slots: 0x000000012c628fa0 points into unknown readable memory: 0x000000012c629220 | 20 92 62 2c 01 00 00 00

StubRoutines::SafeFetchN [0x000000011426d4ec, 0x000000011426d4f8] (12 bytes)
[MachCode]
  0x000000011426d4ec: 0100 40f9 | e003 01aa | c003 5fd6 
[/MachCode]

---------------  P R O C E S S  ---------------

Threads class SMR info:
_java_thread_list=0x0000000162cf0c00, length=18, elements={
0x000000013c80d000, 0x000000012c8da800, 0x000000012c8dd000, 0x000000012f810400,
0x000000012f80d800, 0x000000012f80de00, 0x000000012f80b200, 0x000000012f80b800,
0x000000013b012400, 0x000000013e01ce00, 0x000000013d009000, 0x000000013e040600,
0x000000012c8dd600, 0x000000012c8d3200, 0x000000012f8f6200, 0x000000013c83a400,
0x000000012f8c3a00, 0x000000013d1dd000
}

Java Threads: ( => current thread )
  0x000000013c80d000 JavaThread "main" [_thread_blocked, id=6403, stack(0x000000016b06c000,0x000000017006f000)]
  0x000000012c8da800 JavaThread "Reference Handler" daemon [_thread_blocked, id=15875, stack(0x0000000170cc0000,0x0000000175cc3000)]
  0x000000012c8dd000 JavaThread "Finalizer" daemon [_thread_blocked, id=16387, stack(0x0000000175ccc000,0x000000017accf000)]
  0x000000012f810400 JavaThread "Signal Dispatcher" daemon [_thread_blocked, id=42243, stack(0x000000017adf0000,0x000000017fdf3000)]
  0x000000012f80d800 JavaThread "Service Thread" daemon [_thread_blocked, id=22787, stack(0x0000000280004000,0x0000000285007000)]
  0x000000012f80de00 JavaThread "Monitor Deflation Thread" daemon [_thread_blocked, id=23043, stack(0x0000000285010000,0x000000028a013000)]
  0x000000012f80b200 JavaThread "C2 CompilerThread0" daemon [_thread_blocked, id=23555, stack(0x000000028a01c000,0x000000028a21f000)]
  0x000000012f80b800 JavaThread "C1 CompilerThread0" daemon [_thread_blocked, id=41219, stack(0x000000028a228000,0x000000028a42b000)]
  0x000000013b012400 JavaThread "Sweeper thread" daemon [_thread_blocked, id=40963, stack(0x000000028a434000,0x000000028f437000)]
  0x000000013e01ce00 JavaThread "Common-Cleaner" daemon [_thread_blocked, id=24323, stack(0x000000028f440000,0x0000000294443000)]
  0x000000013d009000 JavaThread "Notification Thread" daemon [_thread_blocked, id=40707, stack(0x000000029444c000,0x000000029944f000)]
  0x000000013e040600 JavaThread "QuantumRenderer-0" daemon [_thread_blocked, id=40195, stack(0x0000000299664000,0x000000029e667000)]
=>0x000000012c8dd600 JavaThread "InvokeLaterDispatcher" daemon [_thread_in_native, id=28683, stack(0x000000029e670000,0x00000002a3673000)]
  0x000000012c8d3200 JavaThread "JavaFX Application Thread" [_thread_in_vm, id=259, stack(0x000000016a7e4000,0x000000016afe0000)]
  0x000000012f8f6200 JavaThread "PulseTimer-CVDisplayLink thread" daemon [_thread_in_native, id=52227, stack(0x000000017fe88000,0x000000017ff0b000)]
  0x000000013c83a400 JavaThread "JavaFX-Launcher" [_thread_blocked, id=74755, stack(0x00000002b0004000,0x00000002b5007000)]
  0x000000012f8c3a00 JavaThread "Prism Font Disposer" daemon [_thread_blocked, id=57867, stack(0x00000002d4864000,0x00000002d9867000)]
  0x000000013d1dd000 JavaThread "Cleaner-0" daemon [_thread_blocked, id=55823, stack(0x00000002d9870000,0x00000002de873000)]

Other Threads:
  0x000000012c62ec10 VMThread "VM Thread" [stack: 0x0000000170ab4000,0x0000000170cb7000] [id=17667]
  0x000000013c71a520 WatcherThread [stack: 0x0000000299458000,0x000000029965b000] [id=25091]
  0x000000013c625bf0 GCTaskThread "GC Thread#0" [stack: 0x0000000170078000,0x000000017027b000] [id=12803]
  0x000000012c6b29e0 GCTaskThread "GC Thread#1" [stack: 0x00000002a367c000,0x00000002a387f000] [id=76547]
  0x000000013c75dd80 GCTaskThread "GC Thread#2" [stack: 0x00000002a3888000,0x00000002a3a8b000] [id=55299]
  0x000000013c75e600 GCTaskThread "GC Thread#3" [stack: 0x00000002a3a94000,0x00000002a3c97000] [id=76291]
  0x000000013c75eed0 GCTaskThread "GC Thread#4" [stack: 0x00000002a3ca0000,0x00000002a3ea3000] [id=75779]
  0x000000013c75f7a0 GCTaskThread "GC Thread#5" [stack: 0x00000002a3eac000,0x00000002a40af000] [id=75267]
  0x000000012c604600 ConcurrentGCThread "G1 Main Marker" [stack: 0x0000000170284000,0x0000000170487000] [id=20227]
  0x000000012c605360 ConcurrentGCThread "G1 Conc#0" [stack: 0x0000000170490000,0x0000000170693000] [id=19715]
  0x000000012c61f4e0 ConcurrentGCThread "G1 Refine#0" [stack: 0x000000017069c000,0x000000017089f000] [id=14083]
  0x000000012c620270 ConcurrentGCThread "G1 Service" [stack: 0x00000001708a8000,0x0000000170aab000] [id=18947]

Threads with active compile tasks:

VM state: not at safepoint (normal execution)

VM Mutex/Monitor currently owned by a thread: None

Heap address: 0x0000000700000000, size: 4096 MB, Compressed Oops mode: Zero based, Oop shift amount: 3

CDS archive(s) mapped at: [0x0000000800000000-0x0000000800bd4000-0x0000000800bd4000), size 12402688, SharedBaseAddress: 0x0000000800000000, ArchiveRelocationMode: 0.
Compressed class space mapped at: 0x0000000800c00000-0x0000000840c00000, reserved size: 1073741824
Narrow klass base: 0x0000000800000000, Narrow klass shift: 0, Narrow klass range: 0x100000000

GC Precious Log:
 CPUs: 10 total, 10 available
 Memory: 16384M
 Large Page Support: Disabled
 NUMA Support: Disabled
 Compressed Oops: Enabled (Zero based)
 Heap Region Size: 2M
 Heap Min Capacity: 8M
 Heap Initial Capacity: 256M
 Heap Max Capacity: 4G
 Pre-touch: Disabled
 Parallel Workers: 9
 Concurrent Workers: 2
 Concurrent Refinement Workers: 9
 Periodic GC: Disabled

Heap:
 garbage-first heap   total 266240K, used 53888K [0x0000000700000000, 0x0000000800000000)
  region size 2048K, 25 young (51200K), 2 survivors (4096K)
 Metaspace       used 16343K, committed 16576K, reserved 1064960K
  class space    used 2507K, committed 2624K, reserved 1048576K

Heap Regions: E=young(eden), S=young(survivor), O=old, HS=humongous(starts), HC=humongous(continues), CS=collection set, F=free, OA=open archive, CA=closed archive, TAMS=top-at-mark-start (previous, next)
|   0|0x0000000700000000, 0x0000000700200000, 0x0000000700200000|100%|HS|  |TAMS 0x0000000700000000, 0x0000000700000000| Complete 
|   1|0x0000000700200000, 0x0000000700400000, 0x0000000700400000|100%|HS|  |TAMS 0x0000000700200000, 0x0000000700200000| Complete 
|   2|0x0000000700400000, 0x0000000700400000, 0x0000000700600000|  0%| F|  |TAMS 0x0000000700400000, 0x0000000700400000| Untracked 
|   3|0x0000000700600000, 0x0000000700600000, 0x0000000700800000|  0%| F|  |TAMS 0x0000000700600000, 0x0000000700600000| Untracked 
|   4|0x0000000700800000, 0x0000000700800000, 0x0000000700a00000|  0%| F|  |TAMS 0x0000000700800000, 0x0000000700800000| Untracked 
|   5|0x0000000700a00000, 0x0000000700a00000, 0x0000000700c00000|  0%| F|  |TAMS 0x0000000700a00000, 0x0000000700a00000| Untracked 
|   6|0x0000000700c00000, 0x0000000700c00000, 0x0000000700e00000|  0%| F|  |TAMS 0x0000000700c00000, 0x0000000700c00000| Untracked 
|   7|0x0000000700e00000, 0x0000000700e00000, 0x0000000701000000|  0%| F|  |TAMS 0x0000000700e00000, 0x0000000700e00000| Untracked 
|   8|0x0000000701000000, 0x0000000701000000, 0x0000000701200000|  0%| F|  |TAMS 0x0000000701000000, 0x0000000701000000| Untracked 
|   9|0x0000000701200000, 0x0000000701200000, 0x0000000701400000|  0%| F|  |TAMS 0x0000000701200000, 0x0000000701200000| Untracked 
|  10|0x0000000701400000, 0x0000000701400000, 0x0000000701600000|  0%| F|  |TAMS 0x0000000701400000, 0x0000000701400000| Untracked 
|  11|0x0000000701600000, 0x0000000701600000, 0x0000000701800000|  0%| F|  |TAMS 0x0000000701600000, 0x0000000701600000| Untracked 
|  12|0x0000000701800000, 0x0000000701800000, 0x0000000701a00000|  0%| F|  |TAMS 0x0000000701800000, 0x0000000701800000| Untracked 
|  13|0x0000000701a00000, 0x0000000701a00000, 0x0000000701c00000|  0%| F|  |TAMS 0x0000000701a00000, 0x0000000701a00000| Untracked 
|  14|0x0000000701c00000, 0x0000000701c00000, 0x0000000701e00000|  0%| F|  |TAMS 0x0000000701c00000, 0x0000000701c00000| Untracked 
|  15|0x0000000701e00000, 0x0000000701e00000, 0x0000000702000000|  0%| F|  |TAMS 0x0000000701e00000, 0x0000000701e00000| Untracked 
|  16|0x0000000702000000, 0x0000000702000000, 0x0000000702200000|  0%| F|  |TAMS 0x0000000702000000, 0x0000000702000000| Untracked 
|  17|0x0000000702200000, 0x0000000702200000, 0x0000000702400000|  0%| F|  |TAMS 0x0000000702200000, 0x0000000702200000| Untracked 
|  18|0x0000000702400000, 0x0000000702400000, 0x0000000702600000|  0%| F|  |TAMS 0x0000000702400000, 0x0000000702400000| Untracked 
|  19|0x0000000702600000, 0x0000000702600000, 0x0000000702800000|  0%| F|  |TAMS 0x0000000702600000, 0x0000000702600000| Untracked 
|  20|0x0000000702800000, 0x0000000702800000, 0x0000000702a00000|  0%| F|  |TAMS 0x0000000702800000, 0x0000000702800000| Untracked 
|  21|0x0000000702a00000, 0x0000000702a00000, 0x0000000702c00000|  0%| F|  |TAMS 0x0000000702a00000, 0x0000000702a00000| Untracked 
|  22|0x0000000702c00000, 0x0000000702c00000, 0x0000000702e00000|  0%| F|  |TAMS 0x0000000702c00000, 0x0000000702c00000| Untracked 
|  23|0x0000000702e00000, 0x0000000702e00000, 0x0000000703000000|  0%| F|  |TAMS 0x0000000702e00000, 0x0000000702e00000| Untracked 
|  24|0x0000000703000000, 0x0000000703000000, 0x0000000703200000|  0%| F|  |TAMS 0x0000000703000000, 0x0000000703000000| Untracked 
|  25|0x0000000703200000, 0x0000000703200000, 0x0000000703400000|  0%| F|  |TAMS 0x0000000703200000, 0x0000000703200000| Untracked 
|  26|0x0000000703400000, 0x0000000703400000, 0x0000000703600000|  0%| F|  |TAMS 0x0000000703400000, 0x0000000703400000| Untracked 
|  27|0x0000000703600000, 0x0000000703600000, 0x0000000703800000|  0%| F|  |TAMS 0x0000000703600000, 0x0000000703600000| Untracked 
|  28|0x0000000703800000, 0x0000000703800000, 0x0000000703a00000|  0%| F|  |TAMS 0x0000000703800000, 0x0000000703800000| Untracked 
|  29|0x0000000703a00000, 0x0000000703a00000, 0x0000000703c00000|  0%| F|  |TAMS 0x0000000703a00000, 0x0000000703a00000| Untracked 
|  30|0x0000000703c00000, 0x0000000703c00000, 0x0000000703e00000|  0%| F|  |TAMS 0x0000000703c00000, 0x0000000703c00000| Untracked 
|  31|0x0000000703e00000, 0x0000000703e00000, 0x0000000704000000|  0%| F|  |TAMS 0x0000000703e00000, 0x0000000703e00000| Untracked 
|  32|0x0000000704000000, 0x0000000704000000, 0x0000000704200000|  0%| F|  |TAMS 0x0000000704000000, 0x0000000704000000| Untracked 
|  33|0x0000000704200000, 0x0000000704200000, 0x0000000704400000|  0%| F|  |TAMS 0x0000000704200000, 0x0000000704200000| Untracked 
|  34|0x0000000704400000, 0x0000000704400000, 0x0000000704600000|  0%| F|  |TAMS 0x0000000704400000, 0x0000000704400000| Untracked 
|  35|0x0000000704600000, 0x0000000704600000, 0x0000000704800000|  0%| F|  |TAMS 0x0000000704600000, 0x0000000704600000| Untracked 
|  36|0x0000000704800000, 0x0000000704800000, 0x0000000704a00000|  0%| F|  |TAMS 0x0000000704800000, 0x0000000704800000| Untracked 
|  37|0x0000000704a00000, 0x0000000704a00000, 0x0000000704c00000|  0%| F|  |TAMS 0x0000000704a00000, 0x0000000704a00000| Untracked 
|  38|0x0000000704c00000, 0x0000000704c00000, 0x0000000704e00000|  0%| F|  |TAMS 0x0000000704c00000, 0x0000000704c00000| Untracked 
|  39|0x0000000704e00000, 0x0000000704e00000, 0x0000000705000000|  0%| F|  |TAMS 0x0000000704e00000, 0x0000000704e00000| Untracked 
|  40|0x0000000705000000, 0x0000000705000000, 0x0000000705200000|  0%| F|  |TAMS 0x0000000705000000, 0x0000000705000000| Untracked 
|  41|0x0000000705200000, 0x0000000705200000, 0x0000000705400000|  0%| F|  |TAMS 0x0000000705200000, 0x0000000705200000| Untracked 
|  42|0x0000000705400000, 0x0000000705400000, 0x0000000705600000|  0%| F|  |TAMS 0x0000000705400000, 0x0000000705400000| Untracked 
|  43|0x0000000705600000, 0x0000000705600000, 0x0000000705800000|  0%| F|  |TAMS 0x0000000705600000, 0x0000000705600000| Untracked 
|  44|0x0000000705800000, 0x0000000705800000, 0x0000000705a00000|  0%| F|  |TAMS 0x0000000705800000, 0x0000000705800000| Untracked 
|  45|0x0000000705a00000, 0x0000000705a00000, 0x0000000705c00000|  0%| F|  |TAMS 0x0000000705a00000, 0x0000000705a00000| Untracked 
|  46|0x0000000705c00000, 0x0000000705c00000, 0x0000000705e00000|  0%| F|  |TAMS 0x0000000705c00000, 0x0000000705c00000| Untracked 
|  47|0x0000000705e00000, 0x0000000705e00000, 0x0000000706000000|  0%| F|  |TAMS 0x0000000705e00000, 0x0000000705e00000| Untracked 
|  48|0x0000000706000000, 0x0000000706000000, 0x0000000706200000|  0%| F|  |TAMS 0x0000000706000000, 0x0000000706000000| Untracked 
|  49|0x0000000706200000, 0x0000000706200000, 0x0000000706400000|  0%| F|  |TAMS 0x0000000706200000, 0x0000000706200000| Untracked 
|  50|0x0000000706400000, 0x0000000706400000, 0x0000000706600000|  0%| F|  |TAMS 0x0000000706400000, 0x0000000706400000| Untracked 
|  51|0x0000000706600000, 0x0000000706600000, 0x0000000706800000|  0%| F|  |TAMS 0x0000000706600000, 0x0000000706600000| Untracked 
|  52|0x0000000706800000, 0x0000000706800000, 0x0000000706a00000|  0%| F|  |TAMS 0x0000000706800000, 0x0000000706800000| Untracked 
|  53|0x0000000706a00000, 0x0000000706a00000, 0x0000000706c00000|  0%| F|  |TAMS 0x0000000706a00000, 0x0000000706a00000| Untracked 
|  54|0x0000000706c00000, 0x0000000706c00000, 0x0000000706e00000|  0%| F|  |TAMS 0x0000000706c00000, 0x0000000706c00000| Untracked 
|  55|0x0000000706e00000, 0x0000000706e00000, 0x0000000707000000|  0%| F|  |TAMS 0x0000000706e00000, 0x0000000706e00000| Untracked 
|  56|0x0000000707000000, 0x0000000707000000, 0x0000000707200000|  0%| F|  |TAMS 0x0000000707000000, 0x0000000707000000| Untracked 
|  57|0x0000000707200000, 0x0000000707200000, 0x0000000707400000|  0%| F|  |TAMS 0x0000000707200000, 0x0000000707200000| Untracked 
|  58|0x0000000707400000, 0x0000000707400000, 0x0000000707600000|  0%| F|  |TAMS 0x0000000707400000, 0x0000000707400000| Untracked 
|  59|0x0000000707600000, 0x0000000707600000, 0x0000000707800000|  0%| F|  |TAMS 0x0000000707600000, 0x0000000707600000| Untracked 
|  60|0x0000000707800000, 0x0000000707800000, 0x0000000707a00000|  0%| F|  |TAMS 0x0000000707800000, 0x0000000707800000| Untracked 
|  61|0x0000000707a00000, 0x0000000707a00000, 0x0000000707c00000|  0%| F|  |TAMS 0x0000000707a00000, 0x0000000707a00000| Untracked 
|  62|0x0000000707c00000, 0x0000000707c00000, 0x0000000707e00000|  0%| F|  |TAMS 0x0000000707c00000, 0x0000000707c00000| Untracked 
|  63|0x0000000707e00000, 0x0000000707e00000, 0x0000000708000000|  0%| F|  |TAMS 0x0000000707e00000, 0x0000000707e00000| Untracked 
|  64|0x0000000708000000, 0x0000000708000000, 0x0000000708200000|  0%| F|  |TAMS 0x0000000708000000, 0x0000000708000000| Untracked 
|  65|0x0000000708200000, 0x0000000708200000, 0x0000000708400000|  0%| F|  |TAMS 0x0000000708200000, 0x0000000708200000| Untracked 
|  66|0x0000000708400000, 0x0000000708400000, 0x0000000708600000|  0%| F|  |TAMS 0x0000000708400000, 0x0000000708400000| Untracked 
|  67|0x0000000708600000, 0x0000000708600000, 0x0000000708800000|  0%| F|  |TAMS 0x0000000708600000, 0x0000000708600000| Untracked 
|  68|0x0000000708800000, 0x0000000708800000, 0x0000000708a00000|  0%| F|  |TAMS 0x0000000708800000, 0x0000000708800000| Untracked 
|  69|0x0000000708a00000, 0x0000000708a00000, 0x0000000708c00000|  0%| F|  |TAMS 0x0000000708a00000, 0x0000000708a00000| Untracked 
|  70|0x0000000708c00000, 0x0000000708c00000, 0x0000000708e00000|  0%| F|  |TAMS 0x0000000708c00000, 0x0000000708c00000| Untracked 
|  71|0x0000000708e00000, 0x0000000708e00000, 0x0000000709000000|  0%| F|  |TAMS 0x0000000708e00000, 0x0000000708e00000| Untracked 
|  72|0x0000000709000000, 0x0000000709000000, 0x0000000709200000|  0%| F|  |TAMS 0x0000000709000000, 0x0000000709000000| Untracked 
|  73|0x0000000709200000, 0x0000000709200000, 0x0000000709400000|  0%| F|  |TAMS 0x0000000709200000, 0x0000000709200000| Untracked 
|  74|0x0000000709400000, 0x0000000709400000, 0x0000000709600000|  0%| F|  |TAMS 0x0000000709400000, 0x0000000709400000| Untracked 
|  75|0x0000000709600000, 0x0000000709600000, 0x0000000709800000|  0%| F|  |TAMS 0x0000000709600000, 0x0000000709600000| Untracked 
|  76|0x0000000709800000, 0x0000000709800000, 0x0000000709a00000|  0%| F|  |TAMS 0x0000000709800000, 0x0000000709800000| Untracked 
|  77|0x0000000709a00000, 0x0000000709a00000, 0x0000000709c00000|  0%| F|  |TAMS 0x0000000709a00000, 0x0000000709a00000| Untracked 
|  78|0x0000000709c00000, 0x0000000709c00000, 0x0000000709e00000|  0%| F|  |TAMS 0x0000000709c00000, 0x0000000709c00000| Untracked 
|  79|0x0000000709e00000, 0x0000000709e00000, 0x000000070a000000|  0%| F|  |TAMS 0x0000000709e00000, 0x0000000709e00000| Untracked 
|  80|0x000000070a000000, 0x000000070a000000, 0x000000070a200000|  0%| F|  |TAMS 0x000000070a000000, 0x000000070a000000| Untracked 
|  81|0x000000070a200000, 0x000000070a200000, 0x000000070a400000|  0%| F|  |TAMS 0x000000070a200000, 0x000000070a200000| Untracked 
|  82|0x000000070a400000, 0x000000070a400000, 0x000000070a600000|  0%| F|  |TAMS 0x000000070a400000, 0x000000070a400000| Untracked 
|  83|0x000000070a600000, 0x000000070a600000, 0x000000070a800000|  0%| F|  |TAMS 0x000000070a600000, 0x000000070a600000| Untracked 
|  84|0x000000070a800000, 0x000000070a800000, 0x000000070aa00000|  0%| F|  |TAMS 0x000000070a800000, 0x000000070a800000| Untracked 
|  85|0x000000070aa00000, 0x000000070aa00000, 0x000000070ac00000|  0%| F|  |TAMS 0x000000070aa00000, 0x000000070aa00000| Untracked 
|  86|0x000000070ac00000, 0x000000070ac00000, 0x000000070ae00000|  0%| F|  |TAMS 0x000000070ac00000, 0x000000070ac00000| Untracked 
|  87|0x000000070ae00000, 0x000000070ae00000, 0x000000070b000000|  0%| F|  |TAMS 0x000000070ae00000, 0x000000070ae00000| Untracked 
|  88|0x000000070b000000, 0x000000070b000000, 0x000000070b200000|  0%| F|  |TAMS 0x000000070b000000, 0x000000070b000000| Untracked 
|  89|0x000000070b200000, 0x000000070b200000, 0x000000070b400000|  0%| F|  |TAMS 0x000000070b200000, 0x000000070b200000| Untracked 
|  90|0x000000070b400000, 0x000000070b400000, 0x000000070b600000|  0%| F|  |TAMS 0x000000070b400000, 0x000000070b400000| Untracked 
|  91|0x000000070b600000, 0x000000070b600000, 0x000000070b800000|  0%| F|  |TAMS 0x000000070b600000, 0x000000070b600000| Untracked 
|  92|0x000000070b800000, 0x000000070b800000, 0x000000070ba00000|  0%| F|  |TAMS 0x000000070b800000, 0x000000070b800000| Untracked 
|  93|0x000000070ba00000, 0x000000070ba00000, 0x000000070bc00000|  0%| F|  |TAMS 0x000000070ba00000, 0x000000070ba00000| Untracked 
|  94|0x000000070bc00000, 0x000000070bc00000, 0x000000070be00000|  0%| F|  |TAMS 0x000000070bc00000, 0x000000070bc00000| Untracked 
|  95|0x000000070be00000, 0x000000070be00000, 0x000000070c000000|  0%| F|  |TAMS 0x000000070be00000, 0x000000070be00000| Untracked 
|  96|0x000000070c000000, 0x000000070c000000, 0x000000070c200000|  0%| F|  |TAMS 0x000000070c000000, 0x000000070c000000| Untracked 
|  97|0x000000070c200000, 0x000000070c200000, 0x000000070c400000|  0%| F|  |TAMS 0x000000070c200000, 0x000000070c200000| Untracked 
|  98|0x000000070c400000, 0x000000070c400000, 0x000000070c600000|  0%| F|  |TAMS 0x000000070c400000, 0x000000070c400000| Untracked 
|  99|0x000000070c600000, 0x000000070c600000, 0x000000070c800000|  0%| F|  |TAMS 0x000000070c600000, 0x000000070c600000| Untracked 
| 100|0x000000070c800000, 0x000000070c800000, 0x000000070ca00000|  0%| F|  |TAMS 0x000000070c800000, 0x000000070c800000| Untracked 
| 101|0x000000070ca00000, 0x000000070ca00000, 0x000000070cc00000|  0%| F|  |TAMS 0x000000070ca00000, 0x000000070ca00000| Untracked 
| 102|0x000000070cc00000, 0x000000070cc00000, 0x000000070ce00000|  0%| F|  |TAMS 0x000000070cc00000, 0x000000070cc00000| Untracked 
| 103|0x000000070ce00000, 0x000000070cf52060, 0x000000070d000000| 66%| E|  |TAMS 0x000000070ce00000, 0x000000070ce00000| Complete 
| 104|0x000000070d000000, 0x000000070d200000, 0x000000070d200000|100%| E|CS|TAMS 0x000000070d000000, 0x000000070d000000| Complete 
| 105|0x000000070d200000, 0x000000070d400000, 0x000000070d400000|100%| E|CS|TAMS 0x000000070d200000, 0x000000070d200000| Complete 
| 106|0x000000070d400000, 0x000000070d600000, 0x000000070d600000|100%| E|CS|TAMS 0x000000070d400000, 0x000000070d400000| Complete 
| 107|0x000000070d600000, 0x000000070d800000, 0x000000070d800000|100%| E|CS|TAMS 0x000000070d600000, 0x000000070d600000| Complete 
| 108|0x000000070d800000, 0x000000070da00000, 0x000000070da00000|100%| E|CS|TAMS 0x000000070d800000, 0x000000070d800000| Complete 
| 109|0x000000070da00000, 0x000000070dc00000, 0x000000070dc00000|100%| E|CS|TAMS 0x000000070da00000, 0x000000070da00000| Complete 
| 110|0x000000070dc00000, 0x000000070de00000, 0x000000070de00000|100%| E|CS|TAMS 0x000000070dc00000, 0x000000070dc00000| Complete 
| 111|0x000000070de00000, 0x000000070e000000, 0x000000070e000000|100%| E|CS|TAMS 0x000000070de00000, 0x000000070de00000| Complete 
| 112|0x000000070e000000, 0x000000070e200000, 0x000000070e200000|100%| E|CS|TAMS 0x000000070e000000, 0x000000070e000000| Complete 
| 113|0x000000070e200000, 0x000000070e400000, 0x000000070e400000|100%| E|CS|TAMS 0x000000070e200000, 0x000000070e200000| Complete 
| 114|0x000000070e400000, 0x000000070e600000, 0x000000070e600000|100%| E|CS|TAMS 0x000000070e400000, 0x000000070e400000| Complete 
| 115|0x000000070e600000, 0x000000070e6a8000, 0x000000070e800000| 32%| S|CS|TAMS 0x000000070e600000, 0x000000070e600000| Complete 
| 116|0x000000070e800000, 0x000000070ea00000, 0x000000070ea00000|100%| S|CS|TAMS 0x000000070e800000, 0x000000070e800000| Complete 
| 117|0x000000070ea00000, 0x000000070ec00000, 0x000000070ec00000|100%| E|CS|TAMS 0x000000070ea00000, 0x000000070ea00000| Complete 
| 118|0x000000070ec00000, 0x000000070ee00000, 0x000000070ee00000|100%| E|CS|TAMS 0x000000070ec00000, 0x000000070ec00000| Complete 
| 119|0x000000070ee00000, 0x000000070f000000, 0x000000070f000000|100%| E|CS|TAMS 0x000000070ee00000, 0x000000070ee00000| Complete 
| 120|0x000000070f000000, 0x000000070f200000, 0x000000070f200000|100%| E|CS|TAMS 0x000000070f000000, 0x000000070f000000| Complete 
| 121|0x000000070f200000, 0x000000070f400000, 0x000000070f400000|100%| E|CS|TAMS 0x000000070f200000, 0x000000070f200000| Complete 
| 122|0x000000070f400000, 0x000000070f600000, 0x000000070f600000|100%| E|CS|TAMS 0x000000070f400000, 0x000000070f400000| Complete 
| 123|0x000000070f600000, 0x000000070f800000, 0x000000070f800000|100%| E|CS|TAMS 0x000000070f600000, 0x000000070f600000| Complete 
| 124|0x000000070f800000, 0x000000070fa00000, 0x000000070fa00000|100%| E|CS|TAMS 0x000000070f800000, 0x000000070f800000| Complete 
| 125|0x000000070fa00000, 0x000000070fc00000, 0x000000070fc00000|100%| E|CS|TAMS 0x000000070fa00000, 0x000000070fa00000| Complete 
| 126|0x000000070fc00000, 0x000000070fe00000, 0x000000070fe00000|100%| E|CS|TAMS 0x000000070fc00000, 0x000000070fc00000| Complete 
| 127|0x000000070fe00000, 0x0000000710000000, 0x0000000710000000|100%| E|CS|TAMS 0x000000070fe00000, 0x000000070fe00000| Complete 
|2046|0x00000007ffc00000, 0x00000007ffd78000, 0x00000007ffe00000| 73%|OA|  |TAMS 0x00000007ffc00000, 0x00000007ffc00000| Untracked 
|2047|0x00000007ffe00000, 0x00000007ffe80000, 0x0000000800000000| 25%|CA|  |TAMS 0x00000007ffe00000, 0x00000007ffe00000| Untracked 

Card table byte_map: [0x000000010b000000,0x000000010b800000] _byte_map_base: 0x0000000107800000

Marking Bits (Prev, Next): (CMBitMap*) 0x000000012c808210, (CMBitMap*) 0x000000012c808250
 Prev Bits: [0x0000000123a6c000, 0x0000000127a6c000)
 Next Bits: [0x0000000127a6c000, 0x000000012ba6c000)

Polling page: 0x0000000104fa0000

Metaspace:

Usage:
  Non-class:     13.51 MB used.
      Class:      2.45 MB used.
       Both:     15.96 MB used.

Virtual space:
  Non-class space:       16.00 MB reserved,      13.62 MB ( 85%) committed,  2 nodes.
      Class space:        1.00 GB reserved,       2.56 MB ( <1%) committed,  1 nodes.
             Both:        1.02 GB reserved,      16.19 MB (  2%) committed. 

Chunk freelists:
   Non-Class:  1.77 MB
       Class:  1.45 MB
        Both:  3.22 MB

MaxMetaspaceSize: unlimited
CompressedClassSpaceSize: 1.00 GB
Initial GC threshold: 21.00 MB
Current GC threshold: 21.00 MB
CDS: on
MetaspaceReclaimPolicy: balanced
 - commit_granule_bytes: 65536.
 - commit_granule_words: 8192.
 - virtual_space_node_default_size: 1048576.
 - enlarge_chunks_in_place: 1.
 - new_chunks_are_fully_committed: 0.
 - uncommit_free_chunks: 1.
 - use_allocation_guard: 0.
 - handle_deallocations: 1.


Internal statistics:

num_allocs_failed_limit: 0.
num_arena_births: 178.
num_arena_deaths: 0.
num_vsnodes_births: 3.
num_vsnodes_deaths: 0.
num_space_committed: 259.
num_space_uncommitted: 0.
num_chunks_returned_to_freelist: 0.
num_chunks_taken_from_freelist: 729.
num_chunk_merges: 0.
num_chunk_splits: 515.
num_chunks_enlarged: 413.
num_purges: 0.
num_inconsistent_stats: 0.

CodeHeap 'non-profiled nmethods': size=120032Kb used=904Kb max_used=904Kb free=119128Kb
 bounds [0x000000011bd34000, 0x000000011bfa4000, 0x000000012326c000]
CodeHeap 'profiled nmethods': size=120016Kb used=5077Kb max_used=5077Kb free=114938Kb
 bounds [0x0000000114800000, 0x0000000114d00000, 0x000000011bd34000]
CodeHeap 'non-nmethods': size=5712Kb used=1376Kb max_used=1481Kb free=4335Kb
 bounds [0x000000011426c000, 0x00000001144dc000, 0x0000000114800000]
 total_blobs=3284 nmethods=2520 adapters=680
 compilation: enabled
              stopped_count=0, restarted_count=0
 full_count=0

Compilation events (20 events):
Event: 0.888 Thread 0x000000012f80b800 2582       1       java.util.concurrent.locks.AbstractOwnableSynchronizer::setExclusiveOwnerThread (6 bytes)
Event: 0.888 Thread 0x000000012f80b800 nmethod 2582 0x000000011be15390 code [0x000000011be15500, 0x000000011be15668]
Event: 0.920 Thread 0x000000012f80b800 2583       1       java.util.concurrent.locks.AbstractQueuedSynchronizer::setState (6 bytes)
Event: 0.920 Thread 0x000000012f80b800 nmethod 2583 0x000000011be15710 code [0x000000011be15880, 0x000000011be15968]
Event: 0.929 Thread 0x000000012f80b800 2584       3       java.util.WeakHashMap$HashIterator::nextEntry (81 bytes)
Event: 0.929 Thread 0x000000012f80b800 nmethod 2584 0x0000000114cf2d90 code [0x0000000114cf2f80, 0x0000000114cf3538]
Event: 0.937 Thread 0x000000012f80b800 2585       3       java.util.WeakHashMap$Entry::getKey (8 bytes)
Event: 0.937 Thread 0x000000012f80b800 nmethod 2585 0x0000000114cf3710 code [0x0000000114cf38c0, 0x0000000114cf3b68]
Event: 0.937 Thread 0x000000012f80b800 2586       3       java.util.WeakHashMap::unmaskNull (13 bytes)
Event: 0.937 Thread 0x000000012f80b800 nmethod 2586 0x0000000114cf3c10 code [0x0000000114cf3dc0, 0x0000000114cf3f28]
Event: 0.995 Thread 0x000000012f80b800 2587       3       java.util.WeakHashMap::size (18 bytes)
Event: 0.995 Thread 0x000000012f80b800 nmethod 2587 0x0000000114cf4010 code [0x0000000114cf41c0, 0x0000000114cf43d8]
Event: 1.070 Thread 0x000000012f80b800 2588       3       java.lang.Thread::interrupted (23 bytes)
Event: 1.070 Thread 0x000000012f80b800 nmethod 2588 0x0000000114cf4490 code [0x0000000114cf4640, 0x0000000114cf4818]
Event: 1.095 Thread 0x000000012f80b800 2589       3       java.util.WeakHashMap::isEmpty (13 bytes)
Event: 1.095 Thread 0x000000012f80b800 nmethod 2589 0x0000000114cf4910 code [0x0000000114cf4ac0, 0x0000000114cf4d58]
Event: 1.112 Thread 0x000000012f80b800 2590       1       java.util.WeakHashMap$Entry::getValue (5 bytes)
Event: 1.112 Thread 0x000000012f80b800 nmethod 2590 0x000000011be15a10 code [0x000000011be15b80, 0x000000011be15c68]
Event: 1.162 Thread 0x000000012f80b800 2591       3       java.util.WeakHashMap$HashIterator::<init> (41 bytes)
Event: 1.163 Thread 0x000000012f80b800 nmethod 2591 0x0000000114cf4e90 code [0x0000000114cf5080, 0x0000000114cf54d8]

GC Heap History (2 events):
Event: 0.294 GC heap before
{Heap before GC invocations=0 (full 0):
 garbage-first heap   total 266240K, used 24544K [0x0000000700000000, 0x0000000800000000)
  region size 2048K, 11 young (22528K), 0 survivors (0K)
 Metaspace       used 6509K, committed 6656K, reserved 1056768K
  class space    used 822K, committed 896K, reserved 1048576K
}
Event: 0.296 GC heap after
{Heap after GC invocations=1 (full 0):
 garbage-first heap   total 266240K, used 4736K [0x0000000700000000, 0x0000000800000000)
  region size 2048K, 2 young (4096K), 2 survivors (4096K)
 Metaspace       used 6509K, committed 6656K, reserved 1056768K
  class space    used 822K, committed 896K, reserved 1048576K
}

Deoptimization events (20 events):
Event: 0.876 Thread 0x000000013e040600 DEOPT PACKING pc=0x0000000114cb4934 sp=0x000000029e6646b0
Event: 0.876 Thread 0x000000013e040600 DEOPT UNPACKING pc=0x00000001142aab7c sp=0x000000029e664310 mode 0
Event: 0.876 Thread 0x000000013e040600 DEOPT PACKING pc=0x0000000114cb4a20 sp=0x000000029e6646b0
Event: 0.876 Thread 0x000000013e040600 DEOPT UNPACKING pc=0x00000001142aab7c sp=0x000000029e664310 mode 0
Event: 0.876 Thread 0x000000013e040600 DEOPT PACKING pc=0x0000000114cb4934 sp=0x000000029e6646b0
Event: 0.876 Thread 0x000000013e040600 DEOPT UNPACKING pc=0x00000001142aab7c sp=0x000000029e664310 mode 0
Event: 0.876 Thread 0x000000013e040600 DEOPT PACKING pc=0x0000000114cb4a20 sp=0x000000029e6646b0
Event: 0.876 Thread 0x000000013e040600 DEOPT UNPACKING pc=0x00000001142aab7c sp=0x000000029e664310 mode 0
Event: 0.876 Thread 0x000000013e040600 DEOPT PACKING pc=0x0000000114cb4a20 sp=0x000000029e6646b0
Event: 0.876 Thread 0x000000013e040600 DEOPT UNPACKING pc=0x00000001142aab7c sp=0x000000029e664310 mode 0
Event: 0.876 Thread 0x000000013e040600 DEOPT PACKING pc=0x0000000114cb4a20 sp=0x000000029e6646b0
Event: 0.876 Thread 0x000000013e040600 DEOPT UNPACKING pc=0x00000001142aab7c sp=0x000000029e664310 mode 0
Event: 0.877 Thread 0x000000013e040600 DEOPT PACKING pc=0x0000000114cb4a20 sp=0x000000029e6646b0
Event: 0.877 Thread 0x000000013e040600 DEOPT UNPACKING pc=0x00000001142aab7c sp=0x000000029e664310 mode 0
Event: 0.878 Thread 0x000000013e040600 DEOPT PACKING pc=0x0000000114cb4a20 sp=0x000000029e663c30
Event: 0.878 Thread 0x000000013e040600 DEOPT UNPACKING pc=0x00000001142aab7c sp=0x000000029e663890 mode 0
Event: 0.878 Thread 0x000000013e040600 DEOPT PACKING pc=0x0000000114cb4a20 sp=0x000000029e663c30
Event: 0.878 Thread 0x000000013e040600 DEOPT UNPACKING pc=0x00000001142aab7c sp=0x000000029e663890 mode 0
Event: 0.879 Thread 0x000000013e040600 DEOPT PACKING pc=0x0000000114cb4a20 sp=0x000000029e663c30
Event: 0.879 Thread 0x000000013e040600 DEOPT UNPACKING pc=0x00000001142aab7c sp=0x000000029e663890 mode 0

Classes unloaded (0 events):
No events

Classes redefined (0 events):
No events

Internal exceptions (20 events):
Event: 0.333 Thread 0x000000012c8d3200 Exception <a 'java/lang/NoSuchMethodError'{0x000000070f922288}: 'java.lang.Object java.lang.invoke.Invokers$Holder.linkToTargetMethod(java.lang.Object, long, java.lang.Object)'> (0x000000070f922288) 
thrown [src/hotspot/share/interpreter/linkResolver.cpp, line 766]
Event: 0.354 Thread 0x000000012c8d3200 Implicit null exception at 0x000000011bd63b78 to 0x000000011bd63c08
Event: 0.376 Thread 0x000000012c8d3200 Exception <a 'java/io/FileNotFoundException'{0x000000070f3dd9a0}> (0x000000070f3dd9a0) 
thrown [src/hotspot/share/prims/jni.cpp, line 516]
Event: 0.384 Thread 0x000000012c8d3200 Exception <a 'java/lang/NoSuchMethodError'{0x000000070f06de60}: 'java.lang.Object java.lang.invoke.DirectMethodHandle$Holder.invokeStatic(java.lang.Object, int, java.lang.Object)'> (0x000000070f06de60) 
thrown [src/hotspot/share/interpreter/linkResolver.cpp, line 766]
Event: 0.385 Thread 0x000000012c8d3200 Exception <a 'java/lang/ClassNotFoundException'{0x000000070f081860}: sun/util/logging/resources/spi/loggingProvider> (0x000000070f081860) 
thrown [src/hotspot/share/classfile/systemDictionary.cpp, line 256]
Event: 0.392 Thread 0x000000012c8d3200 Exception <a 'java/io/FileNotFoundException'{0x000000070f0d97d0}> (0x000000070f0d97d0) 
thrown [src/hotspot/share/prims/jni.cpp, line 516]
Event: 0.393 Thread 0x000000012c8d3200 Implicit null exception at 0x000000011bd83bd4 to 0x000000011bd83f2c
Event: 0.394 Thread 0x000000012c8d3200 Exception <a 'java/lang/NoSuchMethodError'{0x000000070f0ffd80}: 'void java.lang.invoke.DirectMethodHandle$Holder.invokeSpecial(java.lang.Object, java.lang.Object, java.lang.Object, java.lang.Object, java.lang.Object)'> (0x000000070f0ffd80) 
thrown [src/hotspot/share/interpreter/linkResolver.cpp, line 766]
Event: 0.394 Thread 0x000000012c8d3200 Implicit null exception at 0x000000011bd81fd4 to 0x000000011bd82328
Event: 0.397 Thread 0x000000012c8d3200 Implicit null exception at 0x000000011bd82e54 to 0x000000011bd82ec0
Event: 0.425 Thread 0x000000012c8d3200 Exception <a 'java/io/FileNotFoundException'{0x000000070ecd9c30}> (0x000000070ecd9c30) 
thrown [src/hotspot/share/prims/jni.cpp, line 516]
Event: 0.606 Thread 0x000000012c8d3200 Exception <a 'java/lang/NoSuchMethodError'{0x000000070e581e70}: 'java.lang.Object java.lang.invoke.DirectMethodHandle$Holder.invokeInterface(java.lang.Object, java.lang.Object, java.lang.Object)'> (0x000000070e581e70) 
thrown [src/hotspot/share/interpreter/linkResolver.cpp, line 766]
Event: 0.606 Thread 0x000000012c8d3200 Exception <a 'java/lang/IncompatibleClassChangeError'{0x000000070e5857f8}: Found class java.lang.Object, but interface was expected> (0x000000070e5857f8) 
thrown [src/hotspot/share/interpreter/linkResolver.cpp, line 833]
Event: 0.635 Thread 0x000000012c8d3200 Exception <a 'java/lang/NoSuchMethodError'{0x000000070e1234d0}: 'void java.lang.invoke.DirectMethodHandle$Holder.invokeSpecialIFC(java.lang.Object, java.lang.Object, java.lang.Object, java.lang.Object)'> (0x000000070e1234d0) 
thrown [src/hotspot/share/interpreter/linkResolver.cpp, line 766]
Event: 0.638 Thread 0x000000012c8d3200 Exception <a 'java/lang/ClassNotFoundException'{0x000000070e156db8}: com/sun/javafx/scene/control/skin/resources/controls> (0x000000070e156db8) 
thrown [src/hotspot/share/prims/jni.cpp, line 535]
Event: 0.639 Thread 0x000000012c8d3200 Exception <a 'java/lang/ClassNotFoundException'{0x000000070e164d68}: com/sun/javafx/scene/control/skin/resources/controls_en> (0x000000070e164d68) 
thrown [src/hotspot/share/prims/jni.cpp, line 535]
Event: 0.639 Thread 0x000000012c8d3200 Exception <a 'java/lang/ClassNotFoundException'{0x000000070e167040}: com/sun/javafx/scene/control/skin/resources/controls_en_AU> (0x000000070e167040) 
thrown [src/hotspot/share/prims/jni.cpp, line 535]
Event: 0.649 Thread 0x000000012c8d3200 Exception <a 'java/lang/NoSuchMethodError'{0x000000070df16740}: 'int java.lang.invoke.DirectMethodHandle$Holder.invokeSpecial(java.lang.Object, java.lang.Object, int)'> (0x000000070df16740) 
thrown [src/hotspot/share/interpreter/linkResolver.cpp, line 766]
Event: 0.758 Thread 0x000000012c8d3200 Exception <a 'java/lang/NoSuchMethodError'{0x000000070d265798}: 'java.lang.Object java.lang.invoke.DirectMethodHandle$Holder.newInvokeSpecial(java.lang.Object, java.lang.Object, int)'> (0x000000070d265798) 
thrown [src/hotspot/share/interpreter/linkResolver.cpp, line 766]
Event: 0.799 Thread 0x000000013e040600 Exception <a 'java/lang/NoSuchMethodError'{0x000000070d04a288}: 'int java.lang.invoke.DirectMethodHandle$Holder.invokeStaticInit(java.lang.Object, java.lang.Object)'> (0x000000070d04a288) 
thrown [src/hotspot/share/interpreter/linkResolver.cpp, line 766]

VM Operations (20 events):
Event: 0.294 Executing VM operation: G1CollectForAllocation
Event: 0.296 Executing VM operation: G1CollectForAllocation done
Event: 0.305 Executing VM operation: HandshakeAllThreads
Event: 0.305 Executing VM operation: HandshakeAllThreads done
Event: 0.323 Executing VM operation: ICBufferFull
Event: 0.323 Executing VM operation: ICBufferFull done
Event: 0.391 Executing VM operation: HandshakeAllThreads
Event: 0.391 Executing VM operation: HandshakeAllThreads done
Event: 0.393 Executing VM operation: ICBufferFull
Event: 0.393 Executing VM operation: ICBufferFull done
Event: 0.631 Executing VM operation: HandshakeAllThreads
Event: 0.631 Executing VM operation: HandshakeAllThreads done
Event: 0.636 Executing VM operation: ICBufferFull
Event: 0.637 Executing VM operation: ICBufferFull done
Event: 0.688 Executing VM operation: ICBufferFull
Event: 0.688 Executing VM operation: ICBufferFull done
Event: 0.719 Executing VM operation: ICBufferFull
Event: 0.719 Executing VM operation: ICBufferFull done
Event: 0.737 Executing VM operation: ICBufferFull
Event: 0.737 Executing VM operation: ICBufferFull done

Events (20 events):
Event: 0.665 loading class jdk/internal/icu/text/BidiLine
Event: 0.665 loading class jdk/internal/icu/text/BidiLine done
Event: 0.696 loading class java/security/AllPermissionCollection
Event: 0.696 loading class java/security/AllPermissionCollection done
Event: 0.760 loading class java/util/ConcurrentModificationException
Event: 0.760 loading class java/util/ConcurrentModificationException done
Event: 0.805 loading class jdk/internal/ref/CleanerImpl$InnocuousThreadFactory
Event: 0.805 loading class jdk/internal/ref/CleanerImpl$InnocuousThreadFactory done
Event: 0.805 Thread 0x000000013d1dd000 Thread added: 0x000000013d1dd000
Event: 0.805 Protecting memory [0x00000002d9870000,0x00000002d987c000] with protection modes 0
Event: 0.814 loading class java/nio/DirectByteBuffer$Deallocator
Event: 0.814 loading class java/nio/DirectByteBuffer$Deallocator done
Event: 0.814 loading class java/nio/DirectShortBufferU
Event: 0.814 loading class java/nio/ShortBuffer
Event: 0.814 loading class java/nio/ShortBuffer done
Event: 0.814 loading class java/nio/DirectShortBufferU done
Event: 0.825 loading class java/nio/DoubleBuffer
Event: 0.825 loading class java/nio/DoubleBuffer done
Event: 0.829 loading class java/nio/DirectFloatBufferU
Event: 0.829 loading class java/nio/DirectFloatBufferU done


Dynamic libraries:
0x0000000104f54000 	/Library/Java/JavaVirtualMachines/zulu-17.jdk/Contents/Home/lib/libjli.dylib
0x00000001ac92a000 	/usr/lib/libz.1.dylib
0x00000001ac9e1000 	/usr/lib/libSystem.B.dylib
0x00000001ac9db000 	/usr/lib/system/libcache.dylib
0x00000001ac999000 	/usr/lib/system/libcommonCrypto.dylib
0x00000001ac9c2000 	/usr/lib/system/libcompiler_rt.dylib
0x00000001ac9b9000 	/usr/lib/system/libcopyfile.dylib
0x00000001a1bff000 	/usr/lib/system/libcorecrypto.dylib
0x00000001a1cb4000 	/usr/lib/system/libdispatch.dylib
0x00000001a1e82000 	/usr/lib/system/libdyld.dylib
0x00000001ac9d1000 	/usr/lib/system/libkeymgr.dylib
0x00000001ac974000 	/usr/lib/system/libmacho.dylib
0x00000001ac064000 	/usr/lib/system/libquarantine.dylib
0x00000001ac9ce000 	/usr/lib/system/libremovefile.dylib
0x00000001a6ffa000 	/usr/lib/system/libsystem_asl.dylib
0x00000001a1ba1000 	/usr/lib/system/libsystem_blocks.dylib
0x00000001a1d3c000 	/usr/lib/system/libsystem_c.dylib
0x00000001ac9c6000 	/usr/lib/system/libsystem_collections.dylib
0x00000001ab4f9000 	/usr/lib/system/libsystem_configuration.dylib
0x00000001aa752000 	/usr/lib/system/libsystem_containermanager.dylib
0x00000001ac6d1000 	/usr/lib/system/libsystem_coreservices.dylib
0x00000001a45b3000 	/usr/lib/system/libsystem_darwin.dylib
0x00000001ac9d2000 	/usr/lib/system/libsystem_dnssd.dylib
0x00000001a1d39000 	/usr/lib/system/libsystem_featureflags.dylib
0x00000001a1e97000 	/usr/lib/system/libsystem_info.dylib
0x00000001ac93c000 	/usr/lib/system/libsystem_m.dylib
0x00000001a1c89000 	/usr/lib/system/libsystem_malloc.dylib
0x00000001a6f88000 	/usr/lib/system/libsystem_networkextension.dylib
0x00000001a4a0c000 	/usr/lib/system/libsystem_notify.dylib
0x00000001b2d35000 	/usr/lib/system/libsystem_product_info_filter.dylib
0x00000001ab4fe000 	/usr/lib/system/libsystem_sandbox.dylib
0x00000001ac9cb000 	/usr/lib/system/libsystem_secinit.dylib
0x00000001a1e3d000 	/usr/lib/system/libsystem_kernel.dylib
0x00000001a1e8f000 	/usr/lib/system/libsystem_platform.dylib
0x00000001a1e75000 	/usr/lib/system/libsystem_pthread.dylib
0x00000001a875e000 	/usr/lib/system/libsystem_symptoms.dylib
0x00000001a1be5000 	/usr/lib/system/libsystem_trace.dylib
0x00000001ac9a6000 	/usr/lib/system/libunwind.dylib
0x00000001a1ba3000 	/usr/lib/system/libxpc.dylib
0x00000001a1e25000 	/usr/lib/libc++abi.dylib
0x00000001a1cfb000 	/usr/lib/libobjc.A.dylib
0x00000001ac9b1000 	/usr/lib/liboah.dylib
0x00000001a1dbe000 	/usr/lib/libc++.1.dylib
0x00000001b8864000 	/System/Library/Frameworks/Cocoa.framework/Versions/A/Cocoa
0x00000001a4a6d000 	/System/Library/Frameworks/AppKit.framework/Versions/C/AppKit
0x00000001a7f84000 	/System/Library/Frameworks/CoreData.framework/Versions/A/CoreData
0x00000001a2dc8000 	/System/Library/Frameworks/Foundation.framework/Versions/C/Foundation
0x00000001a5926000 	/System/Library/PrivateFrameworks/UIFoundation.framework/Versions/A/UIFoundation
0x00000001b2a2f000 	/System/Library/PrivateFrameworks/RemoteViewServices.framework/Versions/A/RemoteViewServices
0x00000001aaea0000 	/System/Library/PrivateFrameworks/XCTTargetBootstrap.framework/Versions/A/XCTTargetBootstrap
0x00000001ae723000 	/System/Library/PrivateFrameworks/InternationalSupport.framework/Versions/A/InternationalSupport
0x00000001ae7ac000 	/System/Library/PrivateFrameworks/UserActivity.framework/Versions/A/UserActivity
0x00000001adc18000 	/usr/lib/libspindump.dylib
0x00000001a5b97000 	/System/Library/Frameworks/UniformTypeIdentifiers.framework/Versions/A/UniformTypeIdentifiers
0x00000001a93e8000 	/usr/lib/libapp_launch_measurement.dylib
0x00000001a8910000 	/System/Library/PrivateFrameworks/CoreAnalytics.framework/Versions/A/CoreAnalytics
0x00000001a93eb000 	/System/Library/PrivateFrameworks/CoreAutoLayout.framework/Versions/A/CoreAutoLayout
0x00000001aa78f000 	/System/Library/Frameworks/Metal.framework/Versions/A/Metal
0x00000001ab509000 	/usr/lib/liblangid.dylib
0x00000001aaea5000 	/System/Library/PrivateFrameworks/CoreSVG.framework/Versions/A/CoreSVG
0x00000001a702e000 	/System/Library/PrivateFrameworks/SkyLight.framework/Versions/A/SkyLight
0x00000001a740a000 	/System/Library/Frameworks/CoreGraphics.framework/Versions/A/CoreGraphics
0x00000001b30fb000 	/System/Library/Frameworks/Accelerate.framework/Versions/A/Accelerate
0x00000001ad68f000 	/System/Library/PrivateFrameworks/IconServices.framework/Versions/A/IconServices
0x00000001aa771000 	/System/Library/Frameworks/IOSurface.framework/Versions/A/IOSurface
0x00000001a8941000 	/usr/lib/libDiagnosticMessagesClient.dylib
0x00000001b6601000 	/System/Library/Frameworks/ApplicationServices.framework/Versions/A/ApplicationServices
0x00000001aae88000 	/System/Library/PrivateFrameworks/DFRFoundation.framework/Versions/A/DFRFoundation
0x00000001a42fd000 	/usr/lib/libicucore.A.dylib
0x00000001af5d1000 	/System/Library/Frameworks/AudioToolbox.framework/Versions/A/AudioToolbox
0x00000001ae72f000 	/System/Library/PrivateFrameworks/DataDetectorsCore.framework/Versions/A/DataDetectorsCore
0x00000001c514d000 	/System/Library/PrivateFrameworks/TextInput.framework/Versions/A/TextInput
0x00000001a6fa3000 	/usr/lib/libMobileGestalt.dylib
0x00000001aab54000 	/System/Library/Frameworks/Carbon.framework/Versions/A/Frameworks/HIToolbox.framework/Versions/A/HIToolbox
0x00000001a8dc1000 	/System/Library/Frameworks/QuartzCore.framework/Versions/A/QuartzCore
0x00000001a3f7e000 	/System/Library/Frameworks/Security.framework/Versions/A/Security
0x00000001b2a6f000 	/System/Library/Frameworks/Carbon.framework/Versions/A/Frameworks/SpeechRecognition.framework/Versions/A/SpeechRecognition
0x00000001a913d000 	/System/Library/PrivateFrameworks/CoreUI.framework/Versions/A/CoreUI
0x00000001a385a000 	/System/Library/Frameworks/CoreAudio.framework/Versions/A/CoreAudio
0x00000001a8a35000 	/System/Library/Frameworks/DiskArbitration.framework/Versions/A/DiskArbitration
0x00000001ae022000 	/System/Library/PrivateFrameworks/MultitouchSupport.framework/Versions/A/MultitouchSupport
0x00000001a6fa1000 	/usr/lib/libenergytrace.dylib
0x00000001a4935000 	/System/Library/Frameworks/IOKit.framework/Versions/A/IOKit
0x00000001b2e5e000 	/System/Library/Frameworks/CoreServices.framework/Versions/A/CoreServices
0x00000001a9378000 	/System/Library/PrivateFrameworks/PerformanceAnalysis.framework/Versions/A/PerformanceAnalysis
0x00000002035f7000 	/System/Library/Frameworks/OpenGL.framework/Versions/A/OpenGL
0x00000001abf7c000 	/System/Library/PrivateFrameworks/MobileKeyBag.framework/Versions/A/MobileKeyBag
0x00000001a7a18000 	/System/Library/Frameworks/ColorSync.framework/Versions/A/ColorSync
0x00000001a1ec4000 	/System/Library/Frameworks/CoreFoundation.framework/Versions/A/CoreFoundation
0x00000001ab125000 	/System/Library/Frameworks/CoreImage.framework/Versions/A/CoreImage
0x00000001a367e000 	/System/Library/Frameworks/CoreText.framework/Versions/A/CoreText
0x00000001aaed5000 	/System/Library/Frameworks/ImageIO.framework/Versions/A/ImageIO
0x00000001ac9e7000 	/System/Library/PrivateFrameworks/SoftLinking.framework/Versions/A/SoftLinking
0x00000001a9436000 	/usr/lib/libxml2.2.dylib
0x00000001acc80000 	/usr/lib/libcompression.dylib
0x00000001ae67f000 	/System/Library/PrivateFrameworks/TextureIO.framework/Versions/A/TextureIO
0x00000001ad3a8000 	/usr/lib/libate.dylib
0x00000001ad26d000 	/usr/lib/liblzma.5.dylib
0x00000001a2abb000 	/System/Library/Frameworks/SystemConfiguration.framework/Versions/A/SystemConfiguration
0x00000001ac9e3000 	/usr/lib/libfakelink.dylib
0x00000001a6ad3000 	/System/Library/Frameworks/CFNetwork.framework/Versions/A/CFNetwork
0x00000001acb29000 	/usr/lib/libarchive.2.dylib
0x00000001ab505000 	/System/Library/PrivateFrameworks/AppleSystemInfo.framework/Versions/A/AppleSystemInfo
0x00000001ac08f000 	/usr/lib/libbsm.0.dylib
0x00000001a6040000 	/usr/lib/libnetwork.dylib
0x00000001ac97d000 	/usr/lib/system/libkxld.dylib
0x00000001abca9000 	/System/Library/PrivateFrameworks/IOMobileFramebuffer.framework/Versions/A/IOMobileFramebuffer
0x00000002219e6000 	/usr/lib/libCoreEntitlements.dylib
0x00000001ac6b3000 	/System/Library/PrivateFrameworks/AppleFSCompression.framework/Versions/A/AppleFSCompression
0x00000001ac077000 	/usr/lib/libcoretls.dylib
0x00000001ad286000 	/usr/lib/libcoretls_cfhelpers.dylib
0x00000001acc7b000 	/usr/lib/libpam.2.dylib
0x00000001a8374000 	/usr/lib/libsqlite3.dylib
0x00000001ad2ef000 	/usr/lib/libxar.1.dylib
0x00000001ac6c4000 	/usr/lib/libbz2.1.0.dylib
0x00000001ac9e8000 	/usr/lib/libpcap.A.dylib
0x00000001a8755000 	/usr/lib/libdns_services.dylib
0x00000001acc4e000 	/usr/lib/libapple_nghttp2.dylib
0x00000001aca25000 	/usr/lib/libiconv.2.dylib
0x00000001ac973000 	/usr/lib/libcharset.1.dylib
0x00000001a93b4000 	/System/Library/Frameworks/CoreServices.framework/Versions/A/Frameworks/FSEvents.framework/Versions/A/FSEvents
0x00000001a45be000 	/System/Library/Frameworks/CoreServices.framework/Versions/A/Frameworks/CarbonCore.framework/Versions/A/CarbonCore
0x00000001a8995000 	/System/Library/Frameworks/CoreServices.framework/Versions/A/Frameworks/Metadata.framework/Versions/A/Metadata
0x00000001ac6d7000 	/System/Library/Frameworks/CoreServices.framework/Versions/A/Frameworks/OSServices.framework/Versions/A/OSServices
0x00000001acbaf000 	/System/Library/Frameworks/CoreServices.framework/Versions/A/Frameworks/SearchKit.framework/Versions/A/SearchKit
0x00000001a86e3000 	/System/Library/Frameworks/CoreServices.framework/Versions/A/Frameworks/AE.framework/Versions/A/AE
0x00000001a240b000 	/System/Library/Frameworks/CoreServices.framework/Versions/A/Frameworks/LaunchServices.framework/Versions/A/LaunchServices
0x00000001ad216000 	/System/Library/Frameworks/CoreServices.framework/Versions/A/Frameworks/DictionaryServices.framework/Versions/A/DictionaryServices
0x00000001a93c1000 	/System/Library/Frameworks/CoreServices.framework/Versions/A/Frameworks/SharedFileList.framework/Versions/A/SharedFileList
0x00000001ac067000 	/usr/lib/libCheckFix.dylib
0x00000001a7012000 	/System/Library/PrivateFrameworks/TCC.framework/Versions/A/TCC
0x00000001ab50b000 	/System/Library/PrivateFrameworks/CoreNLP.framework/Versions/A/CoreNLP
0x00000001a8944000 	/System/Library/PrivateFrameworks/MetadataUtilities.framework/Versions/A/MetadataUtilities
0x00000001a2b75000 	/usr/lib/libmecabra.dylib
0x00000001ac0a0000 	/usr/lib/libmecab.dylib
0x00000001a2b41000 	/usr/lib/libCRFSuite.dylib
0x00000001ac0fd000 	/usr/lib/libgermantok.dylib
0x00000001acc27000 	/usr/lib/libThaiTokenizer.dylib
0x00000001a8a3d000 	/System/Library/Frameworks/Accelerate.framework/Versions/A/Frameworks/vImage.framework/Versions/A/vImage
0x00000001b2e35000 	/System/Library/Frameworks/Accelerate.framework/Versions/A/Frameworks/vecLib.framework/Versions/A/vecLib
0x00000001ad334000 	/System/Library/Frameworks/Accelerate.framework/Versions/A/Frameworks/vecLib.framework/Versions/A/libvMisc.dylib
0x00000001abbb0000 	/System/Library/Frameworks/Accelerate.framework/Versions/A/Frameworks/vecLib.framework/Versions/A/libvDSP.dylib
0x00000001a2796000 	/System/Library/Frameworks/Accelerate.framework/Versions/A/Frameworks/vecLib.framework/Versions/A/libBLAS.dylib
0x00000001acd51000 	/System/Library/Frameworks/Accelerate.framework/Versions/A/Frameworks/vecLib.framework/Versions/A/libLAPACK.dylib
0x00000001ac100000 	/System/Library/Frameworks/Accelerate.framework/Versions/A/Frameworks/vecLib.framework/Versions/A/libLinearAlgebra.dylib
0x00000001acc66000 	/System/Library/Frameworks/Accelerate.framework/Versions/A/Frameworks/vecLib.framework/Versions/A/libSparseBLAS.dylib
0x00000001acd4c000 	/System/Library/Frameworks/Accelerate.framework/Versions/A/Frameworks/vecLib.framework/Versions/A/libQuadrature.dylib
0x00000001ab604000 	/System/Library/Frameworks/Accelerate.framework/Versions/A/Frameworks/vecLib.framework/Versions/A/libBNNS.dylib
0x00000001a2a54000 	/System/Library/Frameworks/Accelerate.framework/Versions/A/Frameworks/vecLib.framework/Versions/A/libSparse.dylib
0x00000001ab5fc000 	/System/Library/PrivateFrameworks/LinguisticData.framework/Versions/A/LinguisticData
0x00000001a2a0c000 	/System/Library/PrivateFrameworks/Lexicon.framework/Versions/A/Lexicon
0x00000001ad32c000 	/usr/lib/libChineseTokenizer.dylib
0x00000001a31ba000 	/System/Library/PrivateFrameworks/LanguageModeling.framework/Versions/A/LanguageModeling
0x00000001acc29000 	/System/Library/PrivateFrameworks/AppleSauce.framework/Versions/A/AppleSauce
0x00000001abc96000 	/System/Library/PrivateFrameworks/CoreEmoji.framework/Versions/A/CoreEmoji
0x00000001acb17000 	/usr/lib/libcmph.dylib
0x00000001a9394000 	/System/Library/Frameworks/OpenDirectory.framework/Versions/A/Frameworks/CFOpenDirectory.framework/Versions/A/CFOpenDirectory
0x00000001a9384000 	/System/Library/Frameworks/OpenDirectory.framework/Versions/A/OpenDirectory
0x00000001ad288000 	/System/Library/PrivateFrameworks/APFS.framework/Versions/A/APFS
0x00000001abfb7000 	/System/Library/Frameworks/SecurityFoundation.framework/Versions/A/SecurityFoundation
0x00000001ad2fe000 	/usr/lib/libutil.dylib
0x00000001a48f7000 	/System/Library/PrivateFrameworks/CoreServicesStore.framework/Versions/A/CoreServicesStore
0x00000001ad302000 	/usr/lib/libxslt.1.dylib
0x00000001ac04b000 	/System/Library/PrivateFrameworks/BackgroundTaskManagement.framework/Versions/A/BackgroundTaskManagement
0x00000001ae5a0000 	/System/Library/Frameworks/ImageIO.framework/Versions/A/Resources/libRadiance.dylib
0x00000001ae5a9000 	/System/Library/Frameworks/ImageIO.framework/Versions/A/Resources/libJPEG.dylib
0x00000001ae4fa000 	/System/Library/Frameworks/ImageIO.framework/Versions/A/Resources/libPng.dylib
0x00000001ae51c000 	/System/Library/Frameworks/ImageIO.framework/Versions/A/Resources/libTIFF.dylib
0x00000001ae604000 	/System/Library/Frameworks/ImageIO.framework/Versions/A/Resources/libGIF.dylib
0x00000001adf32000 	/System/Library/Frameworks/ImageIO.framework/Versions/A/Resources/libJP2.dylib
0x00000001ad654000 	/usr/lib/libexpat.1.dylib
0x00000001adeed000 	/System/Library/PrivateFrameworks/AppleJPEG.framework/Versions/A/AppleJPEG
0x00000001aaa10000 	/System/Library/PrivateFrameworks/FontServices.framework/libFontParser.dylib
0x00000001a8688000 	/System/Library/PrivateFrameworks/RunningBoardServices.framework/Versions/A/RunningBoardServices
0x00000001b8f3b000 	/System/Library/PrivateFrameworks/IOSurfaceAccelerator.framework/Versions/A/IOSurfaceAccelerator
0x00000001ae01e000 	/System/Library/PrivateFrameworks/WatchdogClient.framework/Versions/A/WatchdogClient
0x00000001a32ba000 	/System/Library/Frameworks/CoreDisplay.framework/Versions/A/CoreDisplay
0x00000001aa8fa000 	/System/Library/Frameworks/CoreMedia.framework/Versions/A/CoreMedia
0x00000001aa785000 	/System/Library/PrivateFrameworks/IOAccelerator.framework/Versions/A/IOAccelerator
0x00000001a9524000 	/System/Library/Frameworks/CoreVideo.framework/Versions/A/CoreVideo
0x00000001acc79000 	/System/Library/Frameworks/MetalPerformanceShaders.framework/Versions/A/MetalPerformanceShaders
0x00000001ae05d000 	/System/Library/Frameworks/VideoToolbox.framework/Versions/A/VideoToolbox
0x00000001a85cc000 	/System/Library/PrivateFrameworks/BaseBoard.framework/Versions/A/BaseBoard
0x00000001a835a000 	/System/Library/PrivateFrameworks/ProtocolBuffer.framework/Versions/A/ProtocolBuffer
0x00000001ae59b000 	/System/Library/PrivateFrameworks/GPUWrangler.framework/Versions/A/GPUWrangler
0x00000001ae57b000 	/System/Library/PrivateFrameworks/IOPresentment.framework/Versions/A/IOPresentment
0x00000001ae5a3000 	/System/Library/PrivateFrameworks/DSExternalDisplay.framework/Versions/A/DSExternalDisplay
0x00000002035ea000 	/System/Library/Frameworks/OpenGL.framework/Versions/A/Libraries/libCoreFSCache.dylib
0x000000020e4b4000 	/System/Library/PrivateFrameworks/GPUCompiler.framework/Versions/31001/Libraries/libGPUCompilerUtils.dylib
0x00000001ae609000 	/System/Library/PrivateFrameworks/CMCaptureCore.framework/Versions/A/CMCaptureCore
0x00000001adc05000 	/System/Library/PrivateFrameworks/AppServerSupport.framework/Versions/A/AppServerSupport
0x00000001afe8f000 	/System/Library/PrivateFrameworks/perfdata.framework/Versions/A/perfdata
0x00000001a33da000 	/System/Library/PrivateFrameworks/AudioToolboxCore.framework/Versions/A/AudioToolboxCore
0x00000001aa8d3000 	/System/Library/PrivateFrameworks/caulk.framework/Versions/A/caulk
0x00000001af784000 	/usr/lib/libAudioStatistics.dylib
0x00000001c17a0000 	/System/Library/PrivateFrameworks/SystemPolicy.framework/Versions/A/SystemPolicy
0x00000001af9f0000 	/usr/lib/libSMC.dylib
0x00000001b8742000 	/System/Library/Frameworks/CoreMIDI.framework/Versions/A/CoreMIDI
0x00000001ae4c8000 	/usr/lib/libAudioToolboxUtility.dylib
0x00000001bd903000 	/System/Library/PrivateFrameworks/OSAServicesClient.framework/Versions/A/OSAServicesClient
0x00000001afe9c000 	/usr/lib/libperfcheck.dylib
0x00000001c22bf000 	/usr/lib/libmis.dylib
0x000000020364c000 	/System/Library/Frameworks/OpenGL.framework/Versions/A/Libraries/libGLU.dylib
0x000000020360b000 	/System/Library/Frameworks/OpenGL.framework/Versions/A/Libraries/libGFXShared.dylib
0x00000002037f8000 	/System/Library/Frameworks/OpenGL.framework/Versions/A/Libraries/libGL.dylib
0x0000000203614000 	/System/Library/Frameworks/OpenGL.framework/Versions/A/Libraries/libGLImage.dylib
0x0000000203608000 	/System/Library/Frameworks/OpenGL.framework/Versions/A/Libraries/libCVMSPluginSupport.dylib
0x00000002035f1000 	/System/Library/Frameworks/OpenGL.framework/Versions/A/Libraries/libCoreVMClient.dylib
0x00000001ab485000 	/System/Library/Frameworks/MetalPerformanceShaders.framework/Versions/A/Frameworks/MPSCore.framework/Versions/A/MPSCore
0x00000001ac626000 	/System/Library/Frameworks/MetalPerformanceShaders.framework/Versions/A/Frameworks/MPSImage.framework/Versions/A/MPSImage
0x00000001ac115000 	/System/Library/Frameworks/MetalPerformanceShaders.framework/Versions/A/Frameworks/MPSNeuralNetwork.framework/Versions/A/MPSNeuralNetwork
0x00000001ac54e000 	/System/Library/Frameworks/MetalPerformanceShaders.framework/Versions/A/Frameworks/MPSMatrix.framework/Versions/A/MPSMatrix
0x00000001ac327000 	/System/Library/Frameworks/MetalPerformanceShaders.framework/Versions/A/Frameworks/MPSRayIntersector.framework/Versions/A/MPSRayIntersector
0x00000001ac57f000 	/System/Library/Frameworks/MetalPerformanceShaders.framework/Versions/A/Frameworks/MPSNDArray.framework/Versions/A/MPSNDArray
0x00000002060f3000 	/System/Library/Frameworks/MetalPerformanceShaders.framework/Versions/A/Frameworks/MPSFunctions.framework/Versions/A/MPSFunctions
0x00000001a266c000 	/System/Library/PrivateFrameworks/MetalTools.framework/Versions/A/MetalTools
0x00000001ab503000 	/System/Library/PrivateFrameworks/AggregateDictionary.framework/Versions/A/AggregateDictionary
0x00000001ad439000 	/usr/lib/libIOReport.dylib
0x00000001b775b000 	/System/Library/PrivateFrameworks/ASEProcessing.framework/Versions/A/ASEProcessing
0x00000001ad7ae000 	/System/Library/PrivateFrameworks/FaceCore.framework/Versions/A/FaceCore
0x00000001ad7a0000 	/System/Library/PrivateFrameworks/GraphVisualizer.framework/Versions/A/GraphVisualizer
0x000000020e3cb000 	/System/Library/PrivateFrameworks/FontServices.framework/Versions/A/FontServices
0x00000001adbc1000 	/System/Library/PrivateFrameworks/OTSVG.framework/Versions/A/OTSVG
0x00000001a90ed000 	/System/Library/Frameworks/ApplicationServices.framework/Versions/A/Frameworks/ATS.framework/Versions/A/Resources/libFontRegistry.dylib
0x00000001adc0e000 	/System/Library/PrivateFrameworks/FontServices.framework/libhvf.dylib
0x000000020e3cc000 	/System/Library/PrivateFrameworks/FontServices.framework/libXTFontStaticRegistryData.dylib
0x0000000203999000 	/System/Library/Frameworks/OpenCL.framework/Versions/A/OpenCL
0x00000001ad608000 	/System/Library/PrivateFrameworks/AppleVA.framework/Versions/A/AppleVA
0x00000001af7ac000 	/System/Library/Frameworks/ApplicationServices.framework/Versions/A/Frameworks/ATS.framework/Versions/A/ATS
0x00000001a7b17000 	/System/Library/Frameworks/ApplicationServices.framework/Versions/A/Frameworks/HIServices.framework/Versions/A/HIServices
0x00000001ae613000 	/System/Library/Frameworks/ApplicationServices.framework/Versions/A/Frameworks/PrintCore.framework/Versions/A/PrintCore
0x00000001afb43000 	/System/Library/Frameworks/ApplicationServices.framework/Versions/A/Frameworks/QD.framework/Versions/A/QD
0x00000001afb3b000 	/System/Library/Frameworks/ApplicationServices.framework/Versions/A/Frameworks/ColorSyncLegacy.framework/Versions/A/ColorSyncLegacy
0x00000001af798000 	/System/Library/Frameworks/ApplicationServices.framework/Versions/A/Frameworks/SpeechSynthesis.framework/Versions/A/SpeechSynthesis
0x00000001ae5d4000 	/System/Library/Frameworks/ApplicationServices.framework/Versions/A/Frameworks/ATSUI.framework/Versions/A/ATSUI
0x00000001afad0000 	/usr/lib/libcups.2.dylib
0x00000001afeaa000 	/System/Library/Frameworks/Kerberos.framework/Versions/A/Kerberos
0x00000001afebb000 	/System/Library/Frameworks/GSS.framework/Versions/A/GSS
0x00000001af81c000 	/usr/lib/libresolv.9.dylib
0x00000001adc1d000 	/System/Library/PrivateFrameworks/Heimdal.framework/Versions/A/Heimdal
0x00000001b6991000 	/System/Library/Frameworks/Kerberos.framework/Versions/A/Libraries/libHeimdalProxy.dylib
0x00000001a8767000 	/System/Library/Frameworks/Network.framework/Versions/A/Network
0x00000001ad66f000 	/usr/lib/libheimdal-asn1.dylib
0x00000001aff0b000 	/System/Library/PrivateFrameworks/CommonAuth.framework/Versions/A/CommonAuth
0x00000001af712000 	/System/Library/PrivateFrameworks/AudioSession.framework/Versions/A/AudioSession
0x00000001ad701000 	/System/Library/PrivateFrameworks/MediaExperience.framework/Versions/A/MediaExperience
0x00000001af597000 	/System/Library/PrivateFrameworks/AudioSession.framework/libSessionUtility.dylib
0x00000001afb4f000 	/System/Library/PrivateFrameworks/AudioResourceArbitration.framework/Versions/A/AudioResourceArbitration
0x00000001b3d12000 	/System/Library/PrivateFrameworks/PowerLog.framework/Versions/A/PowerLog
0x00000001ad679000 	/System/Library/PrivateFrameworks/IconFoundation.framework/Versions/A/IconFoundation
0x00000001b2a5b000 	/System/Library/PrivateFrameworks/SpeechRecognitionCore.framework/Versions/A/SpeechRecognitionCore
0x000000010b800000 	/Library/Java/JavaVirtualMachines/zulu-17.jdk/Contents/Home/lib/server/libjvm.dylib
0x0000000104fb4000 	/Library/Java/JavaVirtualMachines/zulu-17.jdk/Contents/Home/lib/libjimage.dylib
0x000000010503c000 	/Library/Java/JavaVirtualMachines/zulu-17.jdk/Contents/Home/lib/libjava.dylib
0x00000001053c0000 	/Library/Java/JavaVirtualMachines/zulu-17.jdk/Contents/Home/lib/libnio.dylib
0x000000012ba6c000 	/Library/Java/JavaVirtualMachines/zulu-17.jdk/Contents/Home/lib/libnet.dylib
0x0000000105070000 	/Library/Java/JavaVirtualMachines/zulu-17.jdk/Contents/Home/lib/libzip.dylib
0x0000000105088000 	/Users/william/.openjfx/cache/17/libprism_es2.dylib
0x00000001a48ba000 	/System/Library/PrivateFrameworks/CoreServicesInternal.framework/Versions/A/CoreServicesInternal
0x0000000203802000 	/System/Library/Frameworks/OpenGL.framework/Versions/A/Resources/GLEngine.bundle/GLEngine
0x000000020368a000 	/System/Library/Frameworks/OpenGL.framework/Versions/A/Libraries/libGLProgrammability.dylib
0x000000012c700000 	/System/Library/Extensions/AppleMetalOpenGLRenderer.bundle/Contents/MacOS/AppleMetalOpenGLRenderer
0x0000000203971000 	/System/Library/Frameworks/OpenGL.framework/Versions/A/Resources/GLRendererFloat.bundle/GLRendererFloat
0x00000001e889c000 	/System/Library/Extensions/AGXMetalG13X.bundle/Contents/MacOS/AGXMetalG13X
0x00000001c22db000 	/System/Library/PrivateFrameworks/GPURawCounter.framework/Versions/A/GPURawCounter
0x00000001bca6c000 	/System/Library/PrivateFrameworks/IOGPU.framework/Versions/A/IOGPU
0x000000012c568000 	/Users/william/.openjfx/cache/17/libglass.dylib
0x00000001b3f6a000 	/System/Library/Frameworks/FileProvider.framework/Versions/A/FileProvider
0x00000001a8534000 	/System/Library/Frameworks/Accounts.framework/Versions/A/Accounts
0x00000001b40ee000 	/System/Library/PrivateFrameworks/GenerationalStorage.framework/Versions/A/GenerationalStorage
0x00000001b4cb1000 	/System/Library/PrivateFrameworks/CoreSymbolication.framework/Versions/A/CoreSymbolication
0x00000001b3d06000 	/System/Library/PrivateFrameworks/SymptomDiagnosticReporter.framework/Versions/A/SymptomDiagnosticReporter
0x00000001a5bab000 	/System/Library/PrivateFrameworks/DesktopServicesPriv.framework/Versions/A/DesktopServicesPriv
0x00000001a4a1c000 	/usr/lib/libsandbox.1.dylib
0x00000001a95b2000 	/System/Library/PrivateFrameworks/UserManagement.framework/Versions/A/UserManagement
0x00000001b4c6e000 	/System/Library/PrivateFrameworks/DebugSymbols.framework/Versions/A/DebugSymbols
0x00000001afb2e000 	/System/Library/PrivateFrameworks/NetAuth.framework/Versions/A/NetAuth
0x00000001b0a4c000 	/System/Library/PrivateFrameworks/Sharing.framework/Versions/A/Sharing
0x00000001a9582000 	/System/Library/PrivateFrameworks/login.framework/Versions/A/Frameworks/loginsupport.framework/Versions/A/loginsupport
0x00000001b5ea5000 	/System/Library/PrivateFrameworks/Apple80211.framework/Versions/A/Apple80211
0x00000001ac70a000 	/System/Library/PrivateFrameworks/AuthKit.framework/Versions/A/AuthKit
0x00000001abd92000 	/System/Library/PrivateFrameworks/CoreUtils.framework/Versions/A/CoreUtils
0x00000001abcb5000 	/System/Library/Frameworks/CoreWLAN.framework/Versions/A/CoreWLAN
0x00000001b0bbc000 	/System/Library/Frameworks/IOBluetooth.framework/Versions/A/IOBluetooth
0x00000001b5f05000 	/System/Library/PrivateFrameworks/CoreWiFi.framework/Versions/A/CoreWiFi
0x00000001b484e000 	/System/Library/PrivateFrameworks/FrontBoardServices.framework/Versions/A/FrontBoardServices
0x00000001b48e6000 	/System/Library/PrivateFrameworks/BoardServices.framework/Versions/A/BoardServices
0x00000001abfa5000 	/System/Library/PrivateFrameworks/AssertionServices.framework/Versions/A/AssertionServices
0x00000001b6082000 	/System/Library/PrivateFrameworks/BackBoardServices.framework/Versions/A/BackBoardServices
0x00000001affa2000 	/System/Library/PrivateFrameworks/CorePhoneNumbers.framework/Versions/A/CorePhoneNumbers
0x00000001af849000 	/System/Library/PrivateFrameworks/MultiverseSupport.framework/Versions/A/MultiverseSupport
0x00000001b6304000 	/System/Library/PrivateFrameworks/RemoteServiceDiscovery.framework/Versions/A/RemoteServiceDiscovery
0x00000001b3e36000 	/System/Library/PrivateFrameworks/DiskManagement.framework/Versions/A/DiskManagement
0x00000001b3d39000 	/System/Library/PrivateFrameworks/AppleIDAuthSupport.framework/Versions/A/AppleIDAuthSupport
0x0000000208930000 	/System/Library/PrivateFrameworks/AAAFoundation.framework/Versions/A/AAAFoundation
0x00000001aff81000 	/System/Library/PrivateFrameworks/KeychainCircle.framework/Versions/A/KeychainCircle
0x00000001b6314000 	/System/Library/PrivateFrameworks/RemoteXPC.framework/Versions/A/RemoteXPC
0x00000001b3e02000 	/System/Library/PrivateFrameworks/MediaKit.framework/Versions/A/MediaKit
0x00000001b3d46000 	/System/Library/Frameworks/DiscRecording.framework/Versions/A/DiscRecording
0x00000001ad584000 	/usr/lib/libCoreStorage.dylib
0x00000001b6380000 	/usr/lib/libcsfde.dylib
0x00000001b0c91000 	/System/Library/PrivateFrameworks/ProtectedCloudStorage.framework/Versions/A/ProtectedCloudStorage
0x00000001b6378000 	/System/Library/PrivateFrameworks/EFILogin.framework/Versions/A/EFILogin
0x00000001b4115000 	/System/Library/PrivateFrameworks/OctagonTrust.framework/Versions/A/OctagonTrust
0x000000020d552000 	/System/Library/PrivateFrameworks/CoreUtilsExtras.framework/Versions/A/CoreUtilsExtras
0x00000001b3c6b000 	/System/Library/Frameworks/CoreBluetooth.framework/Versions/A/CoreBluetooth
0x00000001b6a16000 	/System/Library/Frameworks/AudioUnit.framework/Versions/A/AudioUnit
0x00000001ad57c000 	/usr/lib/libMatch.1.dylib
0x00000001c67c3000 	/System/Library/Frameworks/Accelerate.framework/Versions/A/Frameworks/vImage.framework/Versions/A/Libraries/libCGInterfaces.dylib
0x000000013dc3c000 	/usr/lib/libobjc-trampolines.dylib
0x00000001a927c000 	/System/Library/PrivateFrameworks/ViewBridge.framework/Versions/A/ViewBridge
0x00000001ad442000 	/System/Library/PrivateFrameworks/CrashReporterSupport.framework/Versions/A/CrashReporterSupport
0x00000001ce27a000 	/System/Library/PrivateFrameworks/OSAnalytics.framework/Versions/A/OSAnalytics
0x00000001d95e7000 	/System/Library/PrivateFrameworks/Symbolication.framework/Versions/A/Symbolication
0x00000001c229c000 	/System/Library/PrivateFrameworks/MallocStackLogging.framework/Versions/A/MallocStackLogging
0x000000013f7a4000 	/Users/william/.openjfx/cache/17/libjavafx_font.dylib
0x00000001adce0000 	/System/Library/PrivateFrameworks/login.framework/Versions/A/login


VM Arguments:
jvm_args: --add-modules=javafx.controls --add-opens=java.base/java.time=ALL-UNNAMED -Xss80m --module-path=/Users/william/.gradle/caches/modules-2/files-2.1/org.openjfx/javafx-controls/17/2254b351c1e6ce2ac9adcd3480fed883cebbb08b/javafx-controls-17-mac-aarch64.jar:/Users/william/.gradle/caches/modules-2/files-2.1/org.openjfx/javafx-graphics/17/b6326f61f7e0effbf733d62e83b8317eb8e768b4/javafx-graphics-17-mac-aarch64.jar:/Users/william/.gradle/caches/modules-2/files-2.1/org.openjfx/javafx-base/17/d77b645fa3e1a6270783178541944e4b4a457cd2/javafx-base-17-mac-aarch64.jar -Dfile.encoding=UTF-8 -Duser.country=AU -Duser.language=en -Duser.variant 
java_command: assignment2.App
java_class_path (initial): /Users/william/Desktop/Uni/S2 2022/SOFT 2412/Assignment 2/CC_18_Ken_FRI12_GRP3_ASSIGNMENT2/build/classes/java/main:/Users/william/Desktop/Uni/S2 2022/SOFT 2412/Assignment 2/CC_18_Ken_FRI12_GRP3_ASSIGNMENT2/build/resources/main:/Users/william/.gradle/caches/modules-2/files-2.1/com.google.code.gson/gson/2.9.1/2cc2131b98ebfb04e2b2c7dfb84431f4045096b/gson-2.9.1.jar:/Users/william/.gradle/caches/modules-2/files-2.1/com.googlecode.json-simple/json-simple/1.1.1/c9ad4a0850ab676c5c64461a05ca524cdfff59f1/json-simple-1.1.1.jar:/Users/william/.gradle/caches/modules-2/files-2.1/com.opencsv/opencsv/5.2/f1bc9e33b264feb31418b58d1a2d3f82a280dfb1/opencsv-5.2.jar:/Users/william/.gradle/caches/modules-2/files-2.1/junit/junit/4.10/e4f1766ce7404a08f45d859fb9c226fc9e41a861/junit-4.10.jar:/Users/william/.gradle/caches/modules-2/files-2.1/org.apache.commons/commons-text/1.8/879a6bde4c0537a25504c72ec7a94ba4099f469c/commons-text-1.8.jar:/Users/william/.gradle/caches/modules-2/files-2.1/org.apache.commons/commons-lang3/3.10/e155460aaf5b464062a09c3923f089ce99128a17/commons-lang3-3.10.jar:/Users/william/.gradle/caches/modules-2/files-2.1/commons-beanutils/commons-beanutils/1.9.4/d52b9abcd97f38c81342bb7e7ae1eee9b73cba51/commons-beanutils-1.9.4.jar:/Users/william/.gradle/caches/modules-2/files-2.1/org.apache.commons/commons-collections4/4.4/62ebe7544cb7164d87e0637a2a6a2bdc981395e8/commons-collections4-4.4.jar:/Users/william/.gradle/caches/modules-2/files-2.1/org.hamcrest/hamcrest-core/1.1/860340562250678d1a344907ac75754e259cdb14/hamcrest-core-1.1.jar:/Users/william/.gradle/caches/modules-2/files-2.1/commons-logging/commons-logging/1.2/4bfc12adfe4842bf07b657f0369c4cb522955686/commons-logging-1.2.jar:/Users/william/.gradle/caches/modules-2/files-2.1/commons-collections/commons-collections/3.2.2/8ad72fe39fa8c91eaaf12aadb21e0c3661fe26d5/commons-collections-3.2.2.jar
Launcher Type: SUN_STANDARD

[Global flags]
     intx CICompilerCount                          = 4                                         {product} {ergonomic}
     uint ConcGCThreads                            = 2                                         {product} {ergonomic}
     uint G1ConcRefinementThreads                  = 9                                         {product} {ergonomic}
   size_t G1HeapRegionSize                         = 2097152                                   {product} {ergonomic}
    uintx GCDrainStackTargetSize                   = 64                                        {product} {ergonomic}
   size_t InitialHeapSize                          = 268435456                                 {product} {ergonomic}
   size_t MarkStackSize                            = 4194304                                   {product} {ergonomic}
   size_t MaxHeapSize                              = 4294967296                                {product} {ergonomic}
   size_t MaxNewSize                               = 2575302656                                {product} {ergonomic}
   size_t MinHeapDeltaBytes                        = 2097152                                   {product} {ergonomic}
   size_t MinHeapSize                              = 8388608                                   {product} {ergonomic}
    uintx NonNMethodCodeHeapSize                   = 5839564                                {pd product} {ergonomic}
    uintx NonProfiledCodeHeapSize                  = 122909338                              {pd product} {ergonomic}
    uintx ProfiledCodeHeapSize                     = 122909338                              {pd product} {ergonomic}
    uintx ReservedCodeCacheSize                    = 251658240                              {pd product} {ergonomic}
     bool SegmentedCodeCache                       = true                                      {product} {ergonomic}
   size_t SoftMaxHeapSize                          = 4294967296                             {manageable} {ergonomic}
     intx ThreadStackSize                          = 81920                                  {pd product} {command line}
     bool UseCompressedClassPointers               = true                           {product lp64_product} {ergonomic}
     bool UseCompressedOops                        = true                           {product lp64_product} {ergonomic}
     bool UseG1GC                                  = true                                      {product} {ergonomic}
     bool UseNUMA                                  = false                                     {product} {ergonomic}
     bool UseNUMAInterleaving                      = false                                     {product} {ergonomic}

Logging:
Log output configuration:
 #0: stdout all=warning uptime,level,tags
 #1: stderr all=off uptime,level,tags

Environment Variables:
PATH=/opt/homebrew/bin:/opt/homebrew/sbin:/usr/local/bin:/usr/bin:/bin:/usr/sbin:/sbin:/Library/Apple/usr/bin:/Users/william/.sdkman/candidates/gradle/current/bin:/Users/william/opt/anaconda3/bin:/Users/william/opt/anaconda3/condabin:/opt/homebrew/bin:/opt/homebrew/sbin
SHELL=/bin/zsh
LANG=en_GB.UTF-8

Signal Handlers:
   SIGSEGV: crash_handler in libjvm.dylib, mask=11100110000111110111111111111111, flags=SA_RESTART|SA_SIGINFO
    SIGBUS: crash_handler in libjvm.dylib, mask=11100110000111110111111111111111, flags=SA_RESTART|SA_SIGINFO
    SIGFPE: crash_handler in libjvm.dylib, mask=11100110000111110111111111111111, flags=SA_RESTART|SA_SIGINFO
   SIGPIPE: javaSignalHandler in libjvm.dylib, mask=11100110000111110111111111111111, flags=SA_RESTART|SA_SIGINFO
   SIGXFSZ: javaSignalHandler in libjvm.dylib, mask=11100110000111110111111111111111, flags=SA_RESTART|SA_SIGINFO
    SIGILL: crash_handler in libjvm.dylib, mask=11100110000111110111111111111111, flags=SA_RESTART|SA_SIGINFO
   SIGUSR2: SR_handler in libjvm.dylib, mask=00100000000000000000000000000000, flags=SA_RESTART|SA_SIGINFO
    SIGHUP: UserHandler in libjvm.dylib, mask=11100110000111110111111111111111, flags=SA_RESTART|SA_SIGINFO
    SIGINT: UserHandler in libjvm.dylib, mask=11100110000111110111111111111111, flags=SA_RESTART|SA_SIGINFO
   SIGTERM: UserHandler in libjvm.dylib, mask=11100110000111110111111111111111, flags=SA_RESTART|SA_SIGINFO
   SIGQUIT: UserHandler in libjvm.dylib, mask=11100110000111110111111111111111, flags=SA_RESTART|SA_SIGINFO
   SIGTRAP: crash_handler in libjvm.dylib, mask=11100110000111110111111111111111, flags=SA_RESTART|SA_SIGINFO


---------------  S Y S T E M  ---------------

OS:
uname: Darwin 21.6.0 Darwin Kernel Version 21.6.0: Mon Aug 22 20:19:52 PDT 2022; root:xnu-8020.140.49~2/RELEASE_ARM64_T6000 arm64
OS uptime: 6 days 4:17 hours
rlimit (soft/hard): STACK 8176k/65520k , CORE 0k/infinity , NPROC 2666/4000 , NOFILE 10240/infinity , AS infinity/infinity , CPU infinity/infinity , DATA infinity/infinity , FSIZE infinity/infinity , MEMLOCK infinity/infinity , RSS infinity/infinity
load average: 2.33 2.94 2.81

CPU: total 10 (initial active 10) 0x61:0x0:0x1b588bb3:0, fp, simd, crc, lse

Memory: 16k page, physical 16777216k(92480k free), swap 0k(0k free)

vm_info: OpenJDK 64-Bit Server VM (17.0.2+8-LTS) for bsd-aarch64 JRE (17.0.2+8-LTS) (Zulu17.32+13-CA), built on Jan  8 2022 04:59:04 by "zulu_re" with clang Apple LLVM 12.0.0 (clang-1200.0.32.28)

END.
